{"D:\\WorkSpace\\Claude_Code\\enterprise-pdf-qa\\frontend\\.eslintrc.cjs": {"path":"D:\\WorkSpace\\Claude_Code\\enterprise-pdf-qa\\frontend\\.eslintrc.cjs","all":true,"statementMap":{"0":{"start":{"line":1,"column":0},"end":{"line":1,"column":18}},"1":{"start":{"line":2,"column":0},"end":{"line":2,"column":13}},"2":{"start":{"line":3,"column":0},"end":{"line":3,"column":51}},"3":{"start":{"line":4,"column":0},"end":{"line":4,"column":12}},"4":{"start":{"line":5,"column":0},"end":{"line":5,"column":25}},"5":{"start":{"line":6,"column":0},"end":{"line":6,"column":52}},"6":{"start":{"line":7,"column":0},"end":{"line":7,"column":55}},"7":{"start":{"line":8,"column":0},"end":{"line":8,"column":31}},"8":{"start":{"line":9,"column":0},"end":{"line":9,"column":31}},"9":{"start":{"line":10,"column":0},"end":{"line":10,"column":37}},"10":{"start":{"line":11,"column":0},"end":{"line":11,"column":4}},"11":{"start":{"line":12,"column":0},"end":{"line":12,"column":125}},"12":{"start":{"line":13,"column":0},"end":{"line":13,"column":38}},"13":{"start":{"line":14,"column":0},"end":{"line":14,"column":18}},"14":{"start":{"line":15,"column":0},"end":{"line":15,"column":26}},"15":{"start":{"line":16,"column":0},"end":{"line":16,"column":25}},"16":{"start":{"line":17,"column":0},"end":{"line":17,"column":33}},"17":{"start":{"line":18,"column":0},"end":{"line":18,"column":31}},"18":{"start":{"line":19,"column":0},"end":{"line":19,"column":4}},"19":{"start":{"line":20,"column":0},"end":{"line":20,"column":75}},"20":{"start":{"line":21,"column":0},"end":{"line":21,"column":13}},"21":{"start":{"line":22,"column":0},"end":{"line":22,"column":33}},"22":{"start":{"line":23,"column":0},"end":{"line":23,"column":4}},"23":{"start":{"line":24,"column":0},"end":{"line":24,"column":10}},"24":{"start":{"line":25,"column":0},"end":{"line":25,"column":30}},"25":{"start":{"line":26,"column":0},"end":{"line":26,"column":50}},"26":{"start":{"line":27,"column":0},"end":{"line":27,"column":55}},"27":{"start":{"line":28,"column":0},"end":{"line":28,"column":88}},"28":{"start":{"line":29,"column":0},"end":{"line":29,"column":80}},"29":{"start":{"line":30,"column":0},"end":{"line":30,"column":0}},"30":{"start":{"line":31,"column":0},"end":{"line":31,"column":18}},"31":{"start":{"line":32,"column":0},"end":{"line":32,"column":84}},"32":{"start":{"line":33,"column":0},"end":{"line":33,"column":42}},"33":{"start":{"line":34,"column":0},"end":{"line":34,"column":42}},"34":{"start":{"line":35,"column":0},"end":{"line":35,"column":0}},"35":{"start":{"line":36,"column":0},"end":{"line":36,"column":20}},"36":{"start":{"line":37,"column":0},"end":{"line":37,"column":25}},"37":{"start":{"line":38,"column":0},"end":{"line":38,"column":28}},"38":{"start":{"line":39,"column":0},"end":{"line":39,"column":22}},"39":{"start":{"line":40,"column":0},"end":{"line":40,"column":4}},"40":{"start":{"line":41,"column":0},"end":{"line":41,"column":1}}},"s":{"0":0,"1":0,"2":0,"3":0,"4":0,"5":0,"6":0,"7":0,"8":0,"9":0,"10":0,"11":0,"12":0,"13":0,"14":0,"15":0,"16":0,"17":0,"18":0,"19":0,"20":0,"21":0,"22":0,"23":0,"24":0,"25":0,"26":0,"27":0,"28":0,"29":0,"30":0,"31":0,"32":0,"33":0,"34":0,"35":0,"36":0,"37":0,"38":0,"39":0,"40":0},"branchMap":{"0":{"type":"branch","line":1,"loc":{"start":{"line":1,"column":1393},"end":{"line":41,"column":1}},"locations":[{"start":{"line":1,"column":1393},"end":{"line":41,"column":1}}]}},"b":{"0":[0]},"fnMap":{"0":{"name":"(empty-report)","decl":{"start":{"line":1,"column":1393},"end":{"line":41,"column":1}},"loc":{"start":{"line":1,"column":1393},"end":{"line":41,"column":1}},"line":1}},"f":{"0":0}}
,"D:\\WorkSpace\\Claude_Code\\enterprise-pdf-qa\\frontend\\postcss.config.js": {"path":"D:\\WorkSpace\\Claude_Code\\enterprise-pdf-qa\\frontend\\postcss.config.js","all":true,"statementMap":{"0":{"start":{"line":1,"column":0},"end":{"line":1,"column":16}},"1":{"start":{"line":2,"column":0},"end":{"line":2,"column":49}},"2":{"start":{"line":3,"column":0},"end":{"line":3,"column":1}}},"s":{"0":0,"1":0,"2":0},"branchMap":{"0":{"type":"branch","line":1,"loc":{"start":{"line":1,"column":0},"end":{"line":3,"column":-8}},"locations":[{"start":{"line":1,"column":0},"end":{"line":3,"column":-8}}]}},"b":{"0":[0]},"fnMap":{"0":{"name":"(empty-report)","decl":{"start":{"line":1,"column":0},"end":{"line":3,"column":-8}},"loc":{"start":{"line":1,"column":0},"end":{"line":3,"column":-8}},"line":1}},"f":{"0":0}}
,"D:\\WorkSpace\\Claude_Code\\enterprise-pdf-qa\\frontend\\tailwind.config.js": {"path":"D:\\WorkSpace\\Claude_Code\\enterprise-pdf-qa\\frontend\\tailwind.config.js","all":true,"statementMap":{"0":{"start":{"line":1,"column":0},"end":{"line":1,"column":43}},"1":{"start":{"line":2,"column":0},"end":{"line":2,"column":16}},"2":{"start":{"line":3,"column":0},"end":{"line":3,"column":51}},"3":{"start":{"line":4,"column":0},"end":{"line":4,"column":24}},"4":{"start":{"line":5,"column":0},"end":{"line":5,"column":48}},"5":{"start":{"line":6,"column":0},"end":{"line":6,"column":1}}},"s":{"0":0,"1":0,"2":0,"3":0,"4":0,"5":0},"branchMap":{"0":{"type":"branch","line":1,"loc":{"start":{"line":1,"column":0},"end":{"line":6,"column":-5}},"locations":[{"start":{"line":1,"column":0},"end":{"line":6,"column":-5}}]}},"b":{"0":[0]},"fnMap":{"0":{"name":"(empty-report)","decl":{"start":{"line":1,"column":0},"end":{"line":6,"column":-5}},"loc":{"start":{"line":1,"column":0},"end":{"line":6,"column":-5}},"line":1}},"f":{"0":0}}
,"D:\\WorkSpace\\Claude_Code\\enterprise-pdf-qa\\frontend\\vite.config.ts": {"path":"D:\\WorkSpace\\Claude_Code\\enterprise-pdf-qa\\frontend\\vite.config.ts","all":true,"statementMap":{"0":{"start":{"line":1,"column":0},"end":{"line":1,"column":35}},"1":{"start":{"line":2,"column":0},"end":{"line":2,"column":40}},"3":{"start":{"line":4,"column":0},"end":{"line":4,"column":29}},"4":{"start":{"line":5,"column":0},"end":{"line":5,"column":21}},"5":{"start":{"line":6,"column":0},"end":{"line":6,"column":11}},"6":{"start":{"line":7,"column":0},"end":{"line":7,"column":15}},"7":{"start":{"line":8,"column":0},"end":{"line":8,"column":12}},"8":{"start":{"line":9,"column":0},"end":{"line":9,"column":15}},"9":{"start":{"line":10,"column":0},"end":{"line":10,"column":68}},"10":{"start":{"line":11,"column":0},"end":{"line":11,"column":27}},"11":{"start":{"line":12,"column":0},"end":{"line":12,"column":8}},"12":{"start":{"line":13,"column":0},"end":{"line":13,"column":6}},"13":{"start":{"line":14,"column":0},"end":{"line":14,"column":4}},"14":{"start":{"line":15,"column":0},"end":{"line":15,"column":2}}},"s":{"0":0,"1":0,"3":0,"4":0,"5":0,"6":0,"7":0,"8":0,"9":0,"10":0,"11":0,"12":0,"13":0,"14":0},"branchMap":{"0":{"type":"branch","line":1,"loc":{"start":{"line":1,"column":0},"end":{"line":15,"column":-179}},"locations":[{"start":{"line":1,"column":0},"end":{"line":15,"column":-179}}]}},"b":{"0":[0]},"fnMap":{"0":{"name":"(empty-report)","decl":{"start":{"line":1,"column":0},"end":{"line":15,"column":-179}},"loc":{"start":{"line":1,"column":0},"end":{"line":15,"column":-179}},"line":1}},"f":{"0":0}}
,"D:\\WorkSpace\\Claude_Code\\enterprise-pdf-qa\\frontend\\vitest.config.ts": {"path":"D:\\WorkSpace\\Claude_Code\\enterprise-pdf-qa\\frontend\\vitest.config.ts","all":true,"statementMap":{"0":{"start":{"line":1,"column":0},"end":{"line":1,"column":44}},"1":{"start":{"line":2,"column":0},"end":{"line":2,"column":40}},"2":{"start":{"line":3,"column":0},"end":{"line":3,"column":30}},"4":{"start":{"line":5,"column":0},"end":{"line":5,"column":29}},"5":{"start":{"line":6,"column":0},"end":{"line":6,"column":21}},"6":{"start":{"line":7,"column":0},"end":{"line":7,"column":9}},"7":{"start":{"line":8,"column":0},"end":{"line":8,"column":18}},"8":{"start":{"line":9,"column":0},"end":{"line":9,"column":25}},"9":{"start":{"line":10,"column":0},"end":{"line":10,"column":40}},"10":{"start":{"line":11,"column":0},"end":{"line":11,"column":15}},"11":{"start":{"line":12,"column":0},"end":{"line":12,"column":21}},"12":{"start":{"line":13,"column":0},"end":{"line":13,"column":41}},"13":{"start":{"line":14,"column":0},"end":{"line":14,"column":16}},"14":{"start":{"line":15,"column":0},"end":{"line":15,"column":24}},"15":{"start":{"line":16,"column":0},"end":{"line":16,"column":28}},"16":{"start":{"line":17,"column":0},"end":{"line":17,"column":23}},"17":{"start":{"line":18,"column":0},"end":{"line":18,"column":20}},"18":{"start":{"line":19,"column":0},"end":{"line":19,"column":16}},"19":{"start":{"line":20,"column":0},"end":{"line":20,"column":8}},"20":{"start":{"line":21,"column":0},"end":{"line":21,"column":19}},"21":{"start":{"line":22,"column":0},"end":{"line":22,"column":18}},"22":{"start":{"line":23,"column":0},"end":{"line":23,"column":22}},"23":{"start":{"line":24,"column":0},"end":{"line":24,"column":21}},"24":{"start":{"line":25,"column":0},"end":{"line":25,"column":8}},"25":{"start":{"line":26,"column":0},"end":{"line":26,"column":6}},"26":{"start":{"line":27,"column":0},"end":{"line":27,"column":60}},"27":{"start":{"line":28,"column":0},"end":{"line":28,"column":4}},"28":{"start":{"line":29,"column":0},"end":{"line":29,"column":12}},"29":{"start":{"line":30,"column":0},"end":{"line":30,"column":12}},"30":{"start":{"line":31,"column":0},"end":{"line":31,"column":37}},"31":{"start":{"line":32,"column":0},"end":{"line":32,"column":6}},"32":{"start":{"line":33,"column":0},"end":{"line":33,"column":4}},"33":{"start":{"line":34,"column":0},"end":{"line":34,"column":2}}},"s":{"0":0,"1":0,"2":0,"4":0,"5":0,"6":0,"7":0,"8":0,"9":0,"10":0,"11":0,"12":0,"13":0,"14":0,"15":0,"16":0,"17":0,"18":0,"19":0,"20":0,"21":0,"22":0,"23":0,"24":0,"25":0,"26":0,"27":0,"28":0,"29":0,"30":0,"31":0,"32":0,"33":0},"branchMap":{"0":{"type":"branch","line":1,"loc":{"start":{"line":1,"column":0},"end":{"line":34,"column":-269}},"locations":[{"start":{"line":1,"column":0},"end":{"line":34,"column":-269}}]}},"b":{"0":[0]},"fnMap":{"0":{"name":"(empty-report)","decl":{"start":{"line":1,"column":0},"end":{"line":34,"column":-269}},"loc":{"start":{"line":1,"column":0},"end":{"line":34,"column":-269}},"line":1}},"f":{"0":0}}
,"D:\\WorkSpace\\Claude_Code\\enterprise-pdf-qa\\frontend\\src\\App.tsx": {"path":"D:\\WorkSpace\\Claude_Code\\enterprise-pdf-qa\\frontend\\src\\App.tsx","all":true,"statementMap":{"0":{"start":{"line":1,"column":0},"end":{"line":1,"column":73}},"7":{"start":{"line":8,"column":0},"end":{"line":8,"column":37}},"8":{"start":{"line":9,"column":0},"end":{"line":9,"column":63}},"9":{"start":{"line":10,"column":0},"end":{"line":10,"column":2}},"11":{"start":{"line":12,"column":0},"end":{"line":12,"column":68}},"12":{"start":{"line":13,"column":0},"end":{"line":13,"column":34}},"13":{"start":{"line":14,"column":0},"end":{"line":14,"column":67}},"14":{"start":{"line":15,"column":0},"end":{"line":15,"column":1}},"16":{"start":{"line":17,"column":0},"end":{"line":17,"column":31}},"17":{"start":{"line":18,"column":0},"end":{"line":18,"column":10}},"18":{"start":{"line":19,"column":0},"end":{"line":19,"column":46}},"19":{"start":{"line":20,"column":0},"end":{"line":20,"column":21}},"20":{"start":{"line":21,"column":0},"end":{"line":21,"column":16}},"21":{"start":{"line":22,"column":0},"end":{"line":22,"column":57}},"22":{"start":{"line":23,"column":0},"end":{"line":23,"column":16}},"23":{"start":{"line":24,"column":0},"end":{"line":24,"column":29}},"24":{"start":{"line":25,"column":0},"end":{"line":25,"column":68}},"25":{"start":{"line":26,"column":0},"end":{"line":26,"column":12}},"26":{"start":{"line":27,"column":0},"end":{"line":27,"column":75}},"27":{"start":{"line":28,"column":0},"end":{"line":28,"column":17}},"28":{"start":{"line":29,"column":0},"end":{"line":29,"column":22}},"29":{"start":{"line":30,"column":0},"end":{"line":30,"column":38}},"30":{"start":{"line":31,"column":0},"end":{"line":31,"column":26}},"32":{"start":{"line":33,"column":0},"end":{"line":33,"column":1}}},"s":{"0":0,"7":0,"8":0,"9":0,"11":0,"12":0,"13":0,"14":0,"16":0,"17":0,"18":0,"19":0,"20":0,"21":0,"22":0,"23":0,"24":0,"25":0,"26":0,"27":0,"28":0,"29":0,"30":0,"32":0},"branchMap":{"0":{"type":"branch","line":1,"loc":{"start":{"line":1,"column":0},"end":{"line":33,"column":-554}},"locations":[{"start":{"line":1,"column":0},"end":{"line":33,"column":-554}}]}},"b":{"0":[0]},"fnMap":{"0":{"name":"(empty-report)","decl":{"start":{"line":1,"column":0},"end":{"line":33,"column":-554}},"loc":{"start":{"line":1,"column":0},"end":{"line":33,"column":-554}},"line":1}},"f":{"0":0}}
,"D:\\WorkSpace\\Claude_Code\\enterprise-pdf-qa\\frontend\\src\\__tests__\\components\\CitationPanel.test.tsx": {"path":"D:\\WorkSpace\\Claude_Code\\enterprise-pdf-qa\\frontend\\src\\__tests__\\components\\CitationPanel.test.tsx","all":false,"statementMap":{"0":{"start":{"line":1,"column":0},"end":{"line":1,"column":45}},"1":{"start":{"line":2,"column":0},"end":{"line":2,"column":66}},"2":{"start":{"line":3,"column":0},"end":{"line":3,"column":62}},"4":{"start":{"line":5,"column":0},"end":{"line":5,"column":23}},"5":{"start":{"line":6,"column":0},"end":{"line":6,"column":3}},"6":{"start":{"line":7,"column":0},"end":{"line":7,"column":24}},"7":{"start":{"line":8,"column":0},"end":{"line":8,"column":25}},"8":{"start":{"line":9,"column":0},"end":{"line":9,"column":39}},"9":{"start":{"line":10,"column":0},"end":{"line":10,"column":19}},"10":{"start":{"line":11,"column":0},"end":{"line":11,"column":56}},"11":{"start":{"line":12,"column":0},"end":{"line":12,"column":26}},"12":{"start":{"line":13,"column":0},"end":{"line":13,"column":4}},"13":{"start":{"line":14,"column":0},"end":{"line":14,"column":3}},"14":{"start":{"line":15,"column":0},"end":{"line":15,"column":24}},"15":{"start":{"line":16,"column":0},"end":{"line":16,"column":25}},"16":{"start":{"line":17,"column":0},"end":{"line":17,"column":39}},"17":{"start":{"line":18,"column":0},"end":{"line":18,"column":19}},"18":{"start":{"line":19,"column":0},"end":{"line":19,"column":52}},"19":{"start":{"line":20,"column":0},"end":{"line":20,"column":26}},"20":{"start":{"line":21,"column":0},"end":{"line":21,"column":4}},"21":{"start":{"line":22,"column":0},"end":{"line":22,"column":1}},"23":{"start":{"line":24,"column":0},"end":{"line":24,"column":33}},"24":{"start":{"line":25,"column":0},"end":{"line":25,"column":56}},"25":{"start":{"line":26,"column":0},"end":{"line":26,"column":66}},"26":{"start":{"line":27,"column":0},"end":{"line":27,"column":43}},"27":{"start":{"line":28,"column":0},"end":{"line":28,"column":4}},"29":{"start":{"line":30,"column":0},"end":{"line":30,"column":46}},"30":{"start":{"line":31,"column":0},"end":{"line":31,"column":55}},"31":{"start":{"line":32,"column":0},"end":{"line":32,"column":65}},"32":{"start":{"line":33,"column":0},"end":{"line":33,"column":4}},"34":{"start":{"line":35,"column":0},"end":{"line":35,"column":38}},"35":{"start":{"line":36,"column":0},"end":{"line":36,"column":55}},"36":{"start":{"line":37,"column":0},"end":{"line":37,"column":58}},"37":{"start":{"line":38,"column":0},"end":{"line":38,"column":43}},"38":{"start":{"line":39,"column":0},"end":{"line":39,"column":4}},"40":{"start":{"line":41,"column":0},"end":{"line":41,"column":34}},"41":{"start":{"line":42,"column":0},"end":{"line":42,"column":55}},"42":{"start":{"line":43,"column":0},"end":{"line":43,"column":55}},"43":{"start":{"line":44,"column":0},"end":{"line":44,"column":55}},"44":{"start":{"line":45,"column":0},"end":{"line":45,"column":4}},"46":{"start":{"line":47,"column":0},"end":{"line":47,"column":40}},"47":{"start":{"line":48,"column":0},"end":{"line":48,"column":55}},"49":{"start":{"line":50,"column":0},"end":{"line":50,"column":98}},"52":{"start":{"line":53,"column":0},"end":{"line":53,"column":49}},"53":{"start":{"line":54,"column":0},"end":{"line":54,"column":31}},"55":{"start":{"line":56,"column":0},"end":{"line":56,"column":92}},"56":{"start":{"line":57,"column":0},"end":{"line":57,"column":4}},"58":{"start":{"line":59,"column":0},"end":{"line":59,"column":49}},"59":{"start":{"line":60,"column":0},"end":{"line":60,"column":55}},"60":{"start":{"line":61,"column":0},"end":{"line":61,"column":49}},"62":{"start":{"line":63,"column":0},"end":{"line":63,"column":41}},"63":{"start":{"line":64,"column":0},"end":{"line":64,"column":92}},"65":{"start":{"line":66,"column":0},"end":{"line":66,"column":43}},"66":{"start":{"line":67,"column":0},"end":{"line":67,"column":98}},"67":{"start":{"line":68,"column":0},"end":{"line":68,"column":4}},"69":{"start":{"line":70,"column":0},"end":{"line":70,"column":48}},"70":{"start":{"line":71,"column":0},"end":{"line":71,"column":55}},"71":{"start":{"line":72,"column":0},"end":{"line":72,"column":62}},"72":{"start":{"line":73,"column":0},"end":{"line":73,"column":61}},"73":{"start":{"line":74,"column":0},"end":{"line":74,"column":4}},"74":{"start":{"line":75,"column":0},"end":{"line":75,"column":2}}},"s":{"0":1,"1":1,"2":1,"4":1,"5":1,"6":1,"7":1,"8":1,"9":1,"10":1,"11":1,"12":1,"13":1,"14":1,"15":1,"16":1,"17":1,"18":1,"19":1,"20":1,"21":1,"23":1,"24":1,"25":1,"26":1,"27":1,"29":1,"30":1,"31":1,"32":1,"34":1,"35":1,"36":1,"37":1,"38":1,"40":1,"41":1,"42":1,"43":1,"44":1,"46":1,"47":1,"49":1,"52":1,"53":1,"55":1,"56":1,"58":1,"59":1,"60":1,"62":1,"63":1,"65":1,"66":1,"67":1,"69":1,"70":1,"71":1,"72":1,"73":1,"74":1},"branchMap":{"0":{"type":"branch","line":24,"loc":{"start":{"line":24,"column":26},"end":{"line":75,"column":2}},"locations":[{"start":{"line":24,"column":26},"end":{"line":75,"column":2}}]},"1":{"type":"branch","line":25,"loc":{"start":{"line":25,"column":49},"end":{"line":28,"column":3}},"locations":[{"start":{"line":25,"column":49},"end":{"line":28,"column":3}}]},"2":{"type":"branch","line":30,"loc":{"start":{"line":30,"column":39},"end":{"line":33,"column":3}},"locations":[{"start":{"line":30,"column":39},"end":{"line":33,"column":3}}]},"3":{"type":"branch","line":35,"loc":{"start":{"line":35,"column":31},"end":{"line":39,"column":3}},"locations":[{"start":{"line":35,"column":31},"end":{"line":39,"column":3}}]},"4":{"type":"branch","line":41,"loc":{"start":{"line":41,"column":27},"end":{"line":45,"column":3}},"locations":[{"start":{"line":41,"column":27},"end":{"line":45,"column":3}}]},"5":{"type":"branch","line":47,"loc":{"start":{"line":47,"column":33},"end":{"line":57,"column":3}},"locations":[{"start":{"line":47,"column":33},"end":{"line":57,"column":3}}]},"6":{"type":"branch","line":59,"loc":{"start":{"line":59,"column":42},"end":{"line":68,"column":3}},"locations":[{"start":{"line":59,"column":42},"end":{"line":68,"column":3}}]},"7":{"type":"branch","line":70,"loc":{"start":{"line":70,"column":41},"end":{"line":74,"column":3}},"locations":[{"start":{"line":70,"column":41},"end":{"line":74,"column":3}}]}},"b":{"0":[1],"1":[1],"2":[1],"3":[1],"4":[1],"5":[1],"6":[1],"7":[1]},"fnMap":{},"f":{}}
,"D:\\WorkSpace\\Claude_Code\\enterprise-pdf-qa\\frontend\\src\\__tests__\\components\\DocumentList.test.tsx": {"path":"D:\\WorkSpace\\Claude_Code\\enterprise-pdf-qa\\frontend\\src\\__tests__\\components\\DocumentList.test.tsx","all":false,"statementMap":{"0":{"start":{"line":1,"column":0},"end":{"line":1,"column":61}},"12":{"start":{"line":13,"column":0},"end":{"line":13,"column":38}},"13":{"start":{"line":14,"column":0},"end":{"line":14,"column":14}},"14":{"start":{"line":15,"column":0},"end":{"line":15,"column":30}},"15":{"start":{"line":16,"column":0},"end":{"line":16,"column":20}},"16":{"start":{"line":17,"column":0},"end":{"line":17,"column":27}},"17":{"start":{"line":18,"column":0},"end":{"line":18,"column":17}},"18":{"start":{"line":19,"column":0},"end":{"line":19,"column":18}},"19":{"start":{"line":20,"column":0},"end":{"line":20,"column":37}},"20":{"start":{"line":21,"column":0},"end":{"line":21,"column":15}},"21":{"start":{"line":22,"column":0},"end":{"line":22,"column":2}},"23":{"start":{"line":24,"column":0},"end":{"line":24,"column":32}},"24":{"start":{"line":25,"column":0},"end":{"line":25,"column":26}},"25":{"start":{"line":26,"column":0},"end":{"line":26,"column":27}},"27":{"start":{"line":28,"column":0},"end":{"line":28,"column":38}},"29":{"start":{"line":30,"column":0},"end":{"line":30,"column":59}},"30":{"start":{"line":31,"column":0},"end":{"line":31,"column":102}},"31":{"start":{"line":32,"column":0},"end":{"line":32,"column":68}},"32":{"start":{"line":33,"column":0},"end":{"line":33,"column":4}},"34":{"start":{"line":35,"column":0},"end":{"line":35,"column":38}},"35":{"start":{"line":36,"column":0},"end":{"line":36,"column":111}},"36":{"start":{"line":37,"column":0},"end":{"line":37,"column":62}},"37":{"start":{"line":38,"column":0},"end":{"line":38,"column":4}},"39":{"start":{"line":40,"column":0},"end":{"line":40,"column":47}},"40":{"start":{"line":41,"column":0},"end":{"line":41,"column":111}},"41":{"start":{"line":42,"column":0},"end":{"line":42,"column":60}},"42":{"start":{"line":43,"column":0},"end":{"line":43,"column":4}},"44":{"start":{"line":45,"column":0},"end":{"line":45,"column":61}},"45":{"start":{"line":46,"column":0},"end":{"line":46,"column":111}},"46":{"start":{"line":47,"column":0},"end":{"line":47,"column":51}},"47":{"start":{"line":48,"column":0},"end":{"line":48,"column":50}},"48":{"start":{"line":49,"column":0},"end":{"line":49,"column":4}},"50":{"start":{"line":51,"column":0},"end":{"line":51,"column":61}},"51":{"start":{"line":52,"column":0},"end":{"line":52,"column":49}},"52":{"start":{"line":53,"column":0},"end":{"line":53,"column":105}},"53":{"start":{"line":54,"column":0},"end":{"line":54,"column":51}},"54":{"start":{"line":55,"column":0},"end":{"line":55,"column":43}},"55":{"start":{"line":56,"column":0},"end":{"line":56,"column":4}},"57":{"start":{"line":58,"column":0},"end":{"line":58,"column":45}},"58":{"start":{"line":59,"column":0},"end":{"line":59,"column":33}},"59":{"start":{"line":60,"column":0},"end":{"line":60,"column":112}},"60":{"start":{"line":61,"column":0},"end":{"line":61,"column":5}},"61":{"start":{"line":62,"column":0},"end":{"line":62,"column":44}},"62":{"start":{"line":63,"column":0},"end":{"line":63,"column":49}},"63":{"start":{"line":64,"column":0},"end":{"line":64,"column":4}},"65":{"start":{"line":66,"column":0},"end":{"line":66,"column":60}},"66":{"start":{"line":67,"column":0},"end":{"line":67,"column":71}},"67":{"start":{"line":68,"column":0},"end":{"line":68,"column":53}},"69":{"start":{"line":70,"column":0},"end":{"line":70,"column":111}},"70":{"start":{"line":71,"column":0},"end":{"line":71,"column":48}},"71":{"start":{"line":72,"column":0},"end":{"line":72,"column":30}},"73":{"start":{"line":74,"column":0},"end":{"line":74,"column":25}},"74":{"start":{"line":75,"column":0},"end":{"line":75,"column":65}},"75":{"start":{"line":76,"column":0},"end":{"line":76,"column":42}},"76":{"start":{"line":77,"column":0},"end":{"line":77,"column":6}},"77":{"start":{"line":78,"column":0},"end":{"line":78,"column":4}},"79":{"start":{"line":80,"column":0},"end":{"line":80,"column":57}},"80":{"start":{"line":81,"column":0},"end":{"line":81,"column":54}},"81":{"start":{"line":82,"column":0},"end":{"line":82,"column":111}},"82":{"start":{"line":83,"column":0},"end":{"line":83,"column":48}},"83":{"start":{"line":84,"column":0},"end":{"line":84,"column":30}},"84":{"start":{"line":85,"column":0},"end":{"line":85,"column":56}},"85":{"start":{"line":86,"column":0},"end":{"line":86,"column":4}},"86":{"start":{"line":87,"column":0},"end":{"line":87,"column":2}}},"s":{"0":1,"12":1,"13":7,"14":7,"15":7,"16":7,"17":7,"18":7,"19":7,"20":7,"21":7,"23":1,"24":1,"25":1,"27":1,"29":1,"30":1,"31":1,"32":1,"34":1,"35":1,"36":1,"37":1,"39":1,"40":1,"41":1,"42":1,"44":1,"45":1,"46":1,"47":1,"48":1,"50":1,"51":1,"52":1,"53":1,"54":1,"55":1,"57":1,"58":1,"59":1,"60":1,"61":1,"62":1,"63":1,"65":1,"66":1,"67":1,"69":1,"70":1,"71":1,"73":1,"74":2,"75":2,"76":1,"77":1,"79":1,"80":1,"81":1,"82":1,"83":1,"84":1,"85":1,"86":1},"branchMap":{"0":{"type":"branch","line":13,"loc":{"start":{"line":13,"column":16},"end":{"line":22,"column":2}},"locations":[{"start":{"line":13,"column":16},"end":{"line":22,"column":2}}]},"1":{"type":"branch","line":24,"loc":{"start":{"line":24,"column":25},"end":{"line":87,"column":2}},"locations":[{"start":{"line":24,"column":25},"end":{"line":87,"column":2}}]},"2":{"type":"branch","line":28,"loc":{"start":{"line":28,"column":13},"end":{"line":28,"column":37}},"locations":[{"start":{"line":28,"column":13},"end":{"line":28,"column":37}}]},"3":{"type":"branch","line":30,"loc":{"start":{"line":30,"column":52},"end":{"line":33,"column":3}},"locations":[{"start":{"line":30,"column":52},"end":{"line":33,"column":3}}]},"4":{"type":"branch","line":35,"loc":{"start":{"line":35,"column":31},"end":{"line":38,"column":3}},"locations":[{"start":{"line":35,"column":31},"end":{"line":38,"column":3}}]},"5":{"type":"branch","line":40,"loc":{"start":{"line":40,"column":40},"end":{"line":43,"column":3}},"locations":[{"start":{"line":40,"column":40},"end":{"line":43,"column":3}}]},"6":{"type":"branch","line":45,"loc":{"start":{"line":45,"column":54},"end":{"line":49,"column":3}},"locations":[{"start":{"line":45,"column":54},"end":{"line":49,"column":3}}]},"7":{"type":"branch","line":51,"loc":{"start":{"line":51,"column":54},"end":{"line":56,"column":3}},"locations":[{"start":{"line":51,"column":54},"end":{"line":56,"column":3}}]},"8":{"type":"branch","line":58,"loc":{"start":{"line":58,"column":38},"end":{"line":64,"column":3}},"locations":[{"start":{"line":58,"column":38},"end":{"line":64,"column":3}}]},"9":{"type":"branch","line":66,"loc":{"start":{"line":66,"column":47},"end":{"line":78,"column":3}},"locations":[{"start":{"line":66,"column":47},"end":{"line":78,"column":3}}]},"10":{"type":"branch","line":74,"loc":{"start":{"line":74,"column":18},"end":{"line":77,"column":5}},"locations":[{"start":{"line":74,"column":18},"end":{"line":77,"column":5}}]},"11":{"type":"branch","line":80,"loc":{"start":{"line":80,"column":50},"end":{"line":86,"column":3}},"locations":[{"start":{"line":80,"column":50},"end":{"line":86,"column":3}}]}},"b":{"0":[7],"1":[1],"2":[8],"3":[1],"4":[1],"5":[1],"6":[1],"7":[1],"8":[1],"9":[1],"10":[2],"11":[1]},"fnMap":{"0":{"name":"makeDoc","decl":{"start":{"line":13,"column":16},"end":{"line":22,"column":2}},"loc":{"start":{"line":13,"column":16},"end":{"line":22,"column":2}},"line":13}},"f":{"0":7}}
,"D:\\WorkSpace\\Claude_Code\\enterprise-pdf-qa\\frontend\\src\\__tests__\\components\\PDFUpload.test.tsx": {"path":"D:\\WorkSpace\\Claude_Code\\enterprise-pdf-qa\\frontend\\src\\__tests__\\components\\PDFUpload.test.tsx","all":false,"statementMap":{"0":{"start":{"line":1,"column":0},"end":{"line":1,"column":61}},"18":{"start":{"line":19,"column":0},"end":{"line":19,"column":29}},"19":{"start":{"line":20,"column":0},"end":{"line":20,"column":28}},"21":{"start":{"line":22,"column":0},"end":{"line":22,"column":20}},"22":{"start":{"line":23,"column":0},"end":{"line":23,"column":22}},"23":{"start":{"line":24,"column":0},"end":{"line":24,"column":4}},"25":{"start":{"line":26,"column":0},"end":{"line":26,"column":35}},"26":{"start":{"line":27,"column":0},"end":{"line":27,"column":49}},"27":{"start":{"line":28,"column":0},"end":{"line":28,"column":68}},"28":{"start":{"line":29,"column":0},"end":{"line":29,"column":4}},"30":{"start":{"line":31,"column":0},"end":{"line":31,"column":40}},"31":{"start":{"line":32,"column":0},"end":{"line":32,"column":49}},"32":{"start":{"line":33,"column":0},"end":{"line":33,"column":61}},"33":{"start":{"line":34,"column":0},"end":{"line":34,"column":4}},"35":{"start":{"line":36,"column":0},"end":{"line":36,"column":62}},"36":{"start":{"line":37,"column":0},"end":{"line":37,"column":60}},"37":{"start":{"line":38,"column":0},"end":{"line":38,"column":74}},"38":{"start":{"line":39,"column":0},"end":{"line":39,"column":15}},"40":{"start":{"line":41,"column":0},"end":{"line":41,"column":49}},"42":{"start":{"line":43,"column":0},"end":{"line":43,"column":84}},"43":{"start":{"line":44,"column":0},"end":{"line":44,"column":62}},"44":{"start":{"line":45,"column":0},"end":{"line":45,"column":55}},"45":{"start":{"line":46,"column":0},"end":{"line":46,"column":60}},"46":{"start":{"line":47,"column":0},"end":{"line":47,"column":27}},"48":{"start":{"line":49,"column":0},"end":{"line":49,"column":25}},"49":{"start":{"line":50,"column":0},"end":{"line":50,"column":49}},"50":{"start":{"line":51,"column":0},"end":{"line":51,"column":6}},"51":{"start":{"line":52,"column":0},"end":{"line":52,"column":4}},"53":{"start":{"line":54,"column":0},"end":{"line":54,"column":57}},"54":{"start":{"line":55,"column":0},"end":{"line":55,"column":49}},"55":{"start":{"line":56,"column":0},"end":{"line":56,"column":60}},"56":{"start":{"line":57,"column":0},"end":{"line":57,"column":54}},"57":{"start":{"line":58,"column":0},"end":{"line":58,"column":15}},"59":{"start":{"line":60,"column":0},"end":{"line":60,"column":49}},"61":{"start":{"line":62,"column":0},"end":{"line":62,"column":84}},"62":{"start":{"line":63,"column":0},"end":{"line":63,"column":62}},"63":{"start":{"line":64,"column":0},"end":{"line":64,"column":55}},"64":{"start":{"line":65,"column":0},"end":{"line":65,"column":60}},"65":{"start":{"line":66,"column":0},"end":{"line":66,"column":27}},"67":{"start":{"line":68,"column":0},"end":{"line":68,"column":25}},"68":{"start":{"line":69,"column":0},"end":{"line":69,"column":52}},"69":{"start":{"line":70,"column":0},"end":{"line":70,"column":6}},"70":{"start":{"line":71,"column":0},"end":{"line":71,"column":4}},"71":{"start":{"line":72,"column":0},"end":{"line":72,"column":2}}},"s":{"0":1,"18":1,"19":1,"21":1,"22":4,"23":1,"25":1,"26":1,"27":1,"28":1,"30":1,"31":1,"32":1,"33":1,"35":1,"36":1,"37":1,"38":1,"40":1,"42":1,"43":1,"44":1,"45":1,"46":1,"48":1,"49":2,"50":1,"51":1,"53":1,"54":1,"55":1,"56":1,"57":1,"59":1,"61":1,"62":1,"63":1,"64":1,"65":1,"67":1,"68":2,"69":1,"70":1,"71":1},"branchMap":{"0":{"type":"branch","line":19,"loc":{"start":{"line":19,"column":22},"end":{"line":72,"column":2}},"locations":[{"start":{"line":19,"column":22},"end":{"line":72,"column":2}}]},"1":{"type":"branch","line":22,"loc":{"start":{"line":22,"column":13},"end":{"line":24,"column":3}},"locations":[{"start":{"line":22,"column":13},"end":{"line":24,"column":3}}]},"2":{"type":"branch","line":26,"loc":{"start":{"line":26,"column":28},"end":{"line":29,"column":3}},"locations":[{"start":{"line":26,"column":28},"end":{"line":29,"column":3}}]},"3":{"type":"branch","line":31,"loc":{"start":{"line":31,"column":33},"end":{"line":34,"column":3}},"locations":[{"start":{"line":31,"column":33},"end":{"line":34,"column":3}}]},"4":{"type":"branch","line":36,"loc":{"start":{"line":36,"column":49},"end":{"line":52,"column":3}},"locations":[{"start":{"line":36,"column":49},"end":{"line":52,"column":3}}]},"5":{"type":"branch","line":45,"loc":{"start":{"line":45,"column":16},"end":{"line":45,"column":55}},"locations":[{"start":{"line":45,"column":16},"end":{"line":45,"column":55}}]},"6":{"type":"branch","line":49,"loc":{"start":{"line":49,"column":18},"end":{"line":51,"column":5}},"locations":[{"start":{"line":49,"column":18},"end":{"line":51,"column":5}}]},"7":{"type":"branch","line":54,"loc":{"start":{"line":54,"column":44},"end":{"line":71,"column":3}},"locations":[{"start":{"line":54,"column":44},"end":{"line":71,"column":3}}]},"8":{"type":"branch","line":64,"loc":{"start":{"line":64,"column":16},"end":{"line":64,"column":55}},"locations":[{"start":{"line":64,"column":16},"end":{"line":64,"column":55}}]},"9":{"type":"branch","line":68,"loc":{"start":{"line":68,"column":18},"end":{"line":70,"column":5}},"locations":[{"start":{"line":68,"column":18},"end":{"line":70,"column":5}}]}},"b":{"0":[1],"1":[4],"2":[1],"3":[1],"4":[1],"5":[0],"6":[2],"7":[1],"8":[0],"9":[2]},"fnMap":{},"f":{}}
,"D:\\WorkSpace\\Claude_Code\\enterprise-pdf-qa\\frontend\\src\\__tests__\\pages\\LoginPage.test.tsx": {"path":"D:\\WorkSpace\\Claude_Code\\enterprise-pdf-qa\\frontend\\src\\__tests__\\pages\\LoginPage.test.tsx","all":false,"statementMap":{"0":{"start":{"line":1,"column":0},"end":{"line":1,"column":61}},"22":{"start":{"line":23,"column":0},"end":{"line":23,"column":66}},"23":{"start":{"line":24,"column":0},"end":{"line":24,"column":50}},"24":{"start":{"line":25,"column":0},"end":{"line":25,"column":43}},"25":{"start":{"line":26,"column":0},"end":{"line":26,"column":24}},"28":{"start":{"line":29,"column":0},"end":{"line":29,"column":29}},"29":{"start":{"line":30,"column":0},"end":{"line":30,"column":38}},"31":{"start":{"line":32,"column":0},"end":{"line":32,"column":45}},"32":{"start":{"line":33,"column":0},"end":{"line":33,"column":38}},"33":{"start":{"line":34,"column":0},"end":{"line":34,"column":75}},"34":{"start":{"line":35,"column":0},"end":{"line":35,"column":4}},"36":{"start":{"line":37,"column":0},"end":{"line":37,"column":41}},"37":{"start":{"line":38,"column":0},"end":{"line":38,"column":38}},"38":{"start":{"line":39,"column":0},"end":{"line":39,"column":49}},"39":{"start":{"line":40,"column":0},"end":{"line":40,"column":69}},"40":{"start":{"line":41,"column":0},"end":{"line":41,"column":4}},"42":{"start":{"line":43,"column":0},"end":{"line":43,"column":59}},"43":{"start":{"line":44,"column":0},"end":{"line":44,"column":59}},"44":{"start":{"line":45,"column":0},"end":{"line":45,"column":65}},"45":{"start":{"line":46,"column":0},"end":{"line":46,"column":15}},"46":{"start":{"line":47,"column":0},"end":{"line":47,"column":56}},"47":{"start":{"line":48,"column":0},"end":{"line":48,"column":76}},"48":{"start":{"line":49,"column":0},"end":{"line":49,"column":15}},"50":{"start":{"line":51,"column":0},"end":{"line":51,"column":38}},"51":{"start":{"line":52,"column":0},"end":{"line":52,"column":101}},"52":{"start":{"line":53,"column":0},"end":{"line":53,"column":96}},"53":{"start":{"line":54,"column":0},"end":{"line":54,"column":69}},"55":{"start":{"line":56,"column":0},"end":{"line":56,"column":25}},"56":{"start":{"line":57,"column":0},"end":{"line":57,"column":87}},"57":{"start":{"line":58,"column":0},"end":{"line":58,"column":6}},"58":{"start":{"line":59,"column":0},"end":{"line":59,"column":4}},"60":{"start":{"line":61,"column":0},"end":{"line":61,"column":56}},"61":{"start":{"line":62,"column":0},"end":{"line":62,"column":49}},"62":{"start":{"line":63,"column":0},"end":{"line":63,"column":59}},"63":{"start":{"line":64,"column":0},"end":{"line":64,"column":60}},"64":{"start":{"line":65,"column":0},"end":{"line":65,"column":15}},"66":{"start":{"line":67,"column":0},"end":{"line":67,"column":38}},"67":{"start":{"line":68,"column":0},"end":{"line":68,"column":100}},"68":{"start":{"line":69,"column":0},"end":{"line":69,"column":93}},"69":{"start":{"line":70,"column":0},"end":{"line":70,"column":69}},"71":{"start":{"line":72,"column":0},"end":{"line":72,"column":25}},"72":{"start":{"line":73,"column":0},"end":{"line":73,"column":77}},"73":{"start":{"line":74,"column":0},"end":{"line":74,"column":6}},"74":{"start":{"line":75,"column":0},"end":{"line":75,"column":4}},"76":{"start":{"line":77,"column":0},"end":{"line":77,"column":58}},"77":{"start":{"line":78,"column":0},"end":{"line":78,"column":55}},"78":{"start":{"line":79,"column":0},"end":{"line":79,"column":63}},"79":{"start":{"line":80,"column":0},"end":{"line":80,"column":5}},"81":{"start":{"line":82,"column":0},"end":{"line":82,"column":38}},"82":{"start":{"line":83,"column":0},"end":{"line":83,"column":101}},"83":{"start":{"line":84,"column":0},"end":{"line":84,"column":96}},"85":{"start":{"line":86,"column":0},"end":{"line":86,"column":64}},"86":{"start":{"line":87,"column":0},"end":{"line":87,"column":24}},"88":{"start":{"line":89,"column":0},"end":{"line":89,"column":25}},"89":{"start":{"line":90,"column":0},"end":{"line":90,"column":32}},"90":{"start":{"line":91,"column":0},"end":{"line":91,"column":6}},"91":{"start":{"line":92,"column":0},"end":{"line":92,"column":4}},"92":{"start":{"line":93,"column":0},"end":{"line":93,"column":2}}},"s":{"0":1,"22":1,"23":5,"24":5,"25":5,"28":1,"29":1,"31":1,"32":1,"33":1,"34":1,"36":1,"37":1,"38":1,"39":1,"40":1,"42":1,"43":1,"44":1,"45":1,"46":1,"47":1,"48":1,"50":1,"51":1,"52":1,"53":1,"55":1,"56":1,"57":1,"58":1,"60":1,"61":1,"62":1,"63":1,"64":1,"66":1,"67":1,"68":1,"69":1,"71":1,"72":2,"73":1,"74":1,"76":1,"77":1,"78":1,"79":1,"81":1,"82":1,"83":1,"85":1,"86":1,"88":1,"89":1,"90":1,"91":1,"92":1},"branchMap":{"0":{"type":"branch","line":23,"loc":{"start":{"line":23,"column":16},"end":{"line":26,"column":24}},"locations":[{"start":{"line":23,"column":16},"end":{"line":26,"column":24}}]},"1":{"type":"branch","line":29,"loc":{"start":{"line":29,"column":22},"end":{"line":93,"column":2}},"locations":[{"start":{"line":29,"column":22},"end":{"line":93,"column":2}}]},"2":{"type":"branch","line":30,"loc":{"start":{"line":30,"column":13},"end":{"line":30,"column":37}},"locations":[{"start":{"line":30,"column":13},"end":{"line":30,"column":37}}]},"3":{"type":"branch","line":32,"loc":{"start":{"line":32,"column":38},"end":{"line":35,"column":3}},"locations":[{"start":{"line":32,"column":38},"end":{"line":35,"column":3}}]},"4":{"type":"branch","line":37,"loc":{"start":{"line":37,"column":34},"end":{"line":41,"column":3}},"locations":[{"start":{"line":37,"column":34},"end":{"line":41,"column":3}}]},"5":{"type":"branch","line":43,"loc":{"start":{"line":43,"column":46},"end":{"line":59,"column":3}},"locations":[{"start":{"line":43,"column":46},"end":{"line":59,"column":3}}]},"6":{"type":"branch","line":56,"loc":{"start":{"line":56,"column":18},"end":{"line":58,"column":5}},"locations":[{"start":{"line":56,"column":18},"end":{"line":58,"column":5}}]},"7":{"type":"branch","line":61,"loc":{"start":{"line":61,"column":43},"end":{"line":75,"column":3}},"locations":[{"start":{"line":61,"column":43},"end":{"line":75,"column":3}}]},"8":{"type":"branch","line":72,"loc":{"start":{"line":72,"column":18},"end":{"line":74,"column":5}},"locations":[{"start":{"line":72,"column":18},"end":{"line":74,"column":5}}]},"9":{"type":"branch","line":77,"loc":{"start":{"line":77,"column":45},"end":{"line":92,"column":3}},"locations":[{"start":{"line":77,"column":45},"end":{"line":92,"column":3}}]},"10":{"type":"branch","line":79,"loc":{"start":{"line":79,"column":6},"end":{"line":79,"column":63}},"locations":[{"start":{"line":79,"column":6},"end":{"line":79,"column":63}}]},"11":{"type":"branch","line":79,"loc":{"start":{"line":79,"column":24},"end":{"line":79,"column":62}},"locations":[{"start":{"line":79,"column":24},"end":{"line":79,"column":62}}]},"12":{"type":"branch","line":89,"loc":{"start":{"line":89,"column":18},"end":{"line":91,"column":5}},"locations":[{"start":{"line":89,"column":18},"end":{"line":91,"column":5}}]}},"b":{"0":[5],"1":[1],"2":[5],"3":[1],"4":[1],"5":[1],"6":[1],"7":[1],"8":[2],"9":[1],"10":[1],"11":[1],"12":[1]},"fnMap":{"0":{"name":"wrapper","decl":{"start":{"line":23,"column":16},"end":{"line":26,"column":24}},"loc":{"start":{"line":23,"column":16},"end":{"line":26,"column":24}},"line":23}},"f":{"0":5}}
,"D:\\WorkSpace\\Claude_Code\\enterprise-pdf-qa\\frontend\\src\\api\\client.ts": {"path":"D:\\WorkSpace\\Claude_Code\\enterprise-pdf-qa\\frontend\\src\\api\\client.ts","all":true,"statementMap":{"0":{"start":{"line":1,"column":0},"end":{"line":1,"column":25}},"6":{"start":{"line":7,"column":0},"end":{"line":7,"column":75}},"8":{"start":{"line":9,"column":0},"end":{"line":9,"column":33}},"9":{"start":{"line":10,"column":0},"end":{"line":10,"column":32}},"10":{"start":{"line":11,"column":0},"end":{"line":11,"column":2}},"13":{"start":{"line":14,"column":0},"end":{"line":14,"column":42}},"14":{"start":{"line":15,"column":0},"end":{"line":15,"column":52}},"15":{"start":{"line":16,"column":0},"end":{"line":16,"column":61}},"16":{"start":{"line":17,"column":0},"end":{"line":17,"column":15}},"17":{"start":{"line":18,"column":0},"end":{"line":18,"column":2}},"20":{"start":{"line":21,"column":0},"end":{"line":21,"column":30}},"21":{"start":{"line":22,"column":0},"end":{"line":22,"column":15}},"22":{"start":{"line":23,"column":0},"end":{"line":23,"column":21}},"23":{"start":{"line":24,"column":0},"end":{"line":24,"column":59}},"24":{"start":{"line":25,"column":0},"end":{"line":25,"column":41}},"25":{"start":{"line":26,"column":0},"end":{"line":26,"column":45}},"26":{"start":{"line":27,"column":0},"end":{"line":27,"column":37}},"27":{"start":{"line":28,"column":0},"end":{"line":28,"column":5}},"28":{"start":{"line":29,"column":0},"end":{"line":29,"column":26}},"29":{"start":{"line":30,"column":0},"end":{"line":30,"column":57}},"30":{"start":{"line":31,"column":0},"end":{"line":31,"column":5}},"31":{"start":{"line":32,"column":0},"end":{"line":32,"column":3}},"32":{"start":{"line":33,"column":0},"end":{"line":33,"column":1}},"35":{"start":{"line":36,"column":0},"end":{"line":36,"column":24}},"36":{"start":{"line":37,"column":0},"end":{"line":37,"column":47}},"37":{"start":{"line":38,"column":0},"end":{"line":38,"column":38}},"38":{"start":{"line":39,"column":0},"end":{"line":39,"column":34}},"39":{"start":{"line":40,"column":0},"end":{"line":40,"column":37}},"40":{"start":{"line":41,"column":0},"end":{"line":41,"column":68}},"41":{"start":{"line":42,"column":0},"end":{"line":42,"column":71}},"42":{"start":{"line":43,"column":0},"end":{"line":43,"column":6}},"43":{"start":{"line":44,"column":0},"end":{"line":44,"column":4}},"44":{"start":{"line":45,"column":0},"end":{"line":45,"column":68}},"45":{"start":{"line":46,"column":0},"end":{"line":46,"column":63}},"46":{"start":{"line":47,"column":0},"end":{"line":47,"column":32}},"47":{"start":{"line":48,"column":0},"end":{"line":48,"column":1}},"50":{"start":{"line":51,"column":0},"end":{"line":51,"column":24}},"51":{"start":{"line":52,"column":0},"end":{"line":52,"column":27}},"52":{"start":{"line":53,"column":0},"end":{"line":53,"column":31}},"53":{"start":{"line":54,"column":0},"end":{"line":54,"column":29}},"55":{"start":{"line":56,"column":0},"end":{"line":56,"column":46}},"56":{"start":{"line":57,"column":0},"end":{"line":57,"column":4}},"57":{"start":{"line":58,"column":0},"end":{"line":58,"column":33}},"58":{"start":{"line":59,"column":0},"end":{"line":59,"column":71}},"59":{"start":{"line":60,"column":0},"end":{"line":60,"column":51}},"60":{"start":{"line":61,"column":0},"end":{"line":61,"column":57}},"61":{"start":{"line":62,"column":0},"end":{"line":62,"column":1}},"72":{"start":{"line":73,"column":0},"end":{"line":73,"column":22}},"73":{"start":{"line":74,"column":0},"end":{"line":74,"column":58}},"74":{"start":{"line":75,"column":0},"end":{"line":75,"column":65}},"75":{"start":{"line":76,"column":0},"end":{"line":76,"column":1}}},"s":{"0":0,"6":0,"8":0,"9":0,"10":0,"13":0,"14":0,"15":0,"16":0,"17":0,"20":0,"21":0,"22":0,"23":0,"24":0,"25":0,"26":0,"27":0,"28":0,"29":0,"30":0,"31":0,"32":0,"35":0,"36":0,"37":0,"38":0,"39":0,"40":0,"41":0,"42":0,"43":0,"44":0,"45":0,"46":0,"47":0,"50":0,"51":0,"52":0,"53":0,"55":0,"56":0,"57":0,"58":0,"59":0,"60":0,"61":0,"72":0,"73":0,"74":0,"75":0},"branchMap":{"0":{"type":"branch","line":1,"loc":{"start":{"line":1,"column":2559},"end":{"line":76,"column":1}},"locations":[{"start":{"line":1,"column":2559},"end":{"line":76,"column":1}}]}},"b":{"0":[0]},"fnMap":{"0":{"name":"(empty-report)","decl":{"start":{"line":1,"column":2559},"end":{"line":76,"column":1}},"loc":{"start":{"line":1,"column":2559},"end":{"line":76,"column":1}},"line":1}},"f":{"0":0}}
,"D:\\WorkSpace\\Claude_Code\\enterprise-pdf-qa\\frontend\\src\\components\\ChatInterface.tsx": {"path":"D:\\WorkSpace\\Claude_Code\\enterprise-pdf-qa\\frontend\\src\\components\\ChatInterface.tsx","all":true,"statementMap":{"0":{"start":{"line":1,"column":0},"end":{"line":1,"column":51}},"9":{"start":{"line":10,"column":0},"end":{"line":10,"column":66}},"10":{"start":{"line":11,"column":0},"end":{"line":11,"column":42}},"11":{"start":{"line":12,"column":0},"end":{"line":12,"column":41}},"13":{"start":{"line":14,"column":0},"end":{"line":14,"column":31}},"14":{"start":{"line":15,"column":0},"end":{"line":15,"column":20}},"15":{"start":{"line":16,"column":0},"end":{"line":16,"column":58}},"16":{"start":{"line":17,"column":0},"end":{"line":17,"column":69}},"18":{"start":{"line":19,"column":0},"end":{"line":19,"column":13}},"19":{"start":{"line":20,"column":0},"end":{"line":20,"column":13}},"20":{"start":{"line":21,"column":0},"end":{"line":21,"column":57}},"21":{"start":{"line":22,"column":0},"end":{"line":22,"column":17}},"22":{"start":{"line":23,"column":0},"end":{"line":23,"column":77}},"23":{"start":{"line":24,"column":0},"end":{"line":24,"column":84}},"25":{"start":{"line":26,"column":0},"end":{"line":26,"column":10}},"26":{"start":{"line":27,"column":0},"end":{"line":27,"column":62}},"27":{"start":{"line":28,"column":0},"end":{"line":28,"column":11}},"28":{"start":{"line":29,"column":0},"end":{"line":29,"column":71}},"29":{"start":{"line":30,"column":0},"end":{"line":30,"column":29}},"30":{"start":{"line":31,"column":0},"end":{"line":31,"column":23}},"31":{"start":{"line":32,"column":0},"end":{"line":32,"column":10}},"32":{"start":{"line":33,"column":0},"end":{"line":33,"column":29}},"33":{"start":{"line":34,"column":0},"end":{"line":34,"column":24}},"34":{"start":{"line":35,"column":0},"end":{"line":35,"column":10}},"36":{"start":{"line":37,"column":0},"end":{"line":37,"column":35}},"37":{"start":{"line":38,"column":0},"end":{"line":38,"column":13}},"38":{"start":{"line":39,"column":0},"end":{"line":39,"column":16}},"39":{"start":{"line":40,"column":0},"end":{"line":40,"column":130}},"40":{"start":{"line":41,"column":0},"end":{"line":41,"column":15}},"41":{"start":{"line":42,"column":0},"end":{"line":42,"column":15}},"43":{"start":{"line":44,"column":0},"end":{"line":44,"column":11}},"45":{"start":{"line":46,"column":0},"end":{"line":46,"column":1}},"71":{"start":{"line":72,"column":0},"end":{"line":72,"column":69}},"72":{"start":{"line":73,"column":0},"end":{"line":73,"column":57}},"73":{"start":{"line":74,"column":0},"end":{"line":74,"column":40}},"74":{"start":{"line":75,"column":0},"end":{"line":75,"column":47}},"75":{"start":{"line":76,"column":0},"end":{"line":76,"column":48}},"77":{"start":{"line":78,"column":0},"end":{"line":78,"column":19}},"78":{"start":{"line":79,"column":0},"end":{"line":79,"column":61}},"79":{"start":{"line":80,"column":0},"end":{"line":80,"column":16}},"81":{"start":{"line":82,"column":0},"end":{"line":82,"column":50}},"82":{"start":{"line":83,"column":0},"end":{"line":83,"column":40}},"84":{"start":{"line":85,"column":0},"end":{"line":85,"column":30}},"85":{"start":{"line":86,"column":0},"end":{"line":86,"column":30}},"86":{"start":{"line":87,"column":0},"end":{"line":87,"column":19}},"87":{"start":{"line":88,"column":0},"end":{"line":88,"column":21}},"88":{"start":{"line":89,"column":0},"end":{"line":89,"column":5}},"89":{"start":{"line":90,"column":0},"end":{"line":90,"column":39}},"90":{"start":{"line":91,"column":0},"end":{"line":91,"column":16}},"91":{"start":{"line":92,"column":0},"end":{"line":92,"column":20}},"93":{"start":{"line":94,"column":0},"end":{"line":94,"column":9}},"94":{"start":{"line":95,"column":0},"end":{"line":95,"column":19}},"95":{"start":{"line":96,"column":0},"end":{"line":96,"column":24}},"96":{"start":{"line":97,"column":0},"end":{"line":97,"column":83}},"97":{"start":{"line":98,"column":0},"end":{"line":98,"column":17}},"98":{"start":{"line":99,"column":0},"end":{"line":99,"column":27}},"99":{"start":{"line":100,"column":0},"end":{"line":100,"column":7}},"101":{"start":{"line":102,"column":0},"end":{"line":102,"column":33}},"102":{"start":{"line":103,"column":0},"end":{"line":103,"column":33}},"103":{"start":{"line":104,"column":0},"end":{"line":104,"column":30}},"105":{"start":{"line":106,"column":0},"end":{"line":106,"column":113}},"106":{"start":{"line":107,"column":0},"end":{"line":107,"column":26}},"107":{"start":{"line":108,"column":0},"end":{"line":108,"column":13}},"108":{"start":{"line":109,"column":0},"end":{"line":109,"column":9}},"109":{"start":{"line":110,"column":0},"end":{"line":110,"column":34}},"110":{"start":{"line":111,"column":0},"end":{"line":111,"column":28}},"111":{"start":{"line":112,"column":0},"end":{"line":112,"column":31}},"112":{"start":{"line":113,"column":0},"end":{"line":113,"column":36}},"113":{"start":{"line":114,"column":0},"end":{"line":114,"column":33}},"114":{"start":{"line":115,"column":0},"end":{"line":115,"column":38}},"115":{"start":{"line":116,"column":0},"end":{"line":116,"column":10}},"116":{"start":{"line":117,"column":0},"end":{"line":117,"column":8}},"117":{"start":{"line":118,"column":0},"end":{"line":118,"column":28}},"118":{"start":{"line":119,"column":0},"end":{"line":119,"column":89}},"119":{"start":{"line":120,"column":0},"end":{"line":120,"column":49}},"120":{"start":{"line":121,"column":0},"end":{"line":121,"column":43}},"124":{"start":{"line":125,"column":0},"end":{"line":125,"column":37}},"125":{"start":{"line":126,"column":0},"end":{"line":126,"column":28}},"126":{"start":{"line":127,"column":0},"end":{"line":127,"column":15}},"127":{"start":{"line":128,"column":0},"end":{"line":128,"column":11}},"128":{"start":{"line":129,"column":0},"end":{"line":129,"column":36}},"129":{"start":{"line":130,"column":0},"end":{"line":130,"column":30}},"130":{"start":{"line":131,"column":0},"end":{"line":131,"column":63}},"131":{"start":{"line":132,"column":0},"end":{"line":132,"column":26}},"132":{"start":{"line":133,"column":0},"end":{"line":133,"column":12}},"133":{"start":{"line":134,"column":0},"end":{"line":134,"column":10}},"134":{"start":{"line":135,"column":0},"end":{"line":135,"column":14}},"135":{"start":{"line":136,"column":0},"end":{"line":136,"column":47}},"136":{"start":{"line":137,"column":0},"end":{"line":137,"column":7}},"137":{"start":{"line":138,"column":0},"end":{"line":138,"column":15}},"138":{"start":{"line":139,"column":0},"end":{"line":139,"column":23}},"139":{"start":{"line":140,"column":0},"end":{"line":140,"column":5}},"140":{"start":{"line":141,"column":0},"end":{"line":141,"column":3}},"142":{"start":{"line":143,"column":0},"end":{"line":143,"column":10}},"143":{"start":{"line":144,"column":0},"end":{"line":144,"column":42}},"145":{"start":{"line":146,"column":0},"end":{"line":146,"column":60}},"146":{"start":{"line":147,"column":0},"end":{"line":147,"column":35}},"147":{"start":{"line":148,"column":0},"end":{"line":148,"column":59}},"148":{"start":{"line":149,"column":0},"end":{"line":149,"column":65}},"149":{"start":{"line":150,"column":0},"end":{"line":150,"column":72}},"150":{"start":{"line":151,"column":0},"end":{"line":151,"column":16}},"152":{"start":{"line":153,"column":0},"end":{"line":153,"column":32}},"153":{"start":{"line":154,"column":0},"end":{"line":154,"column":104}},"154":{"start":{"line":155,"column":0},"end":{"line":155,"column":70}},"155":{"start":{"line":156,"column":0},"end":{"line":156,"column":35}},"156":{"start":{"line":157,"column":0},"end":{"line":157,"column":56}},"157":{"start":{"line":158,"column":0},"end":{"line":158,"column":93}},"158":{"start":{"line":159,"column":0},"end":{"line":159,"column":43}},"159":{"start":{"line":160,"column":0},"end":{"line":160,"column":18}},"160":{"start":{"line":161,"column":0},"end":{"line":161,"column":61}},"161":{"start":{"line":162,"column":0},"end":{"line":162,"column":92}},"162":{"start":{"line":163,"column":0},"end":{"line":163,"column":24}},"163":{"start":{"line":164,"column":0},"end":{"line":164,"column":33}},"164":{"start":{"line":165,"column":0},"end":{"line":165,"column":98}},"165":{"start":{"line":166,"column":0},"end":{"line":166,"column":46}},"166":{"start":{"line":167,"column":0},"end":{"line":167,"column":50}},"167":{"start":{"line":168,"column":0},"end":{"line":168,"column":71}},"169":{"start":{"line":170,"column":0},"end":{"line":170,"column":24}},"171":{"start":{"line":172,"column":0},"end":{"line":172,"column":65}},"172":{"start":{"line":173,"column":0},"end":{"line":173,"column":63}},"174":{"start":{"line":175,"column":0},"end":{"line":175,"column":19}},"176":{"start":{"line":177,"column":0},"end":{"line":177,"column":27}},"178":{"start":{"line":179,"column":0},"end":{"line":179,"column":18}},"179":{"start":{"line":180,"column":0},"end":{"line":180,"column":16}},"180":{"start":{"line":181,"column":0},"end":{"line":181,"column":11}},"181":{"start":{"line":182,"column":0},"end":{"line":182,"column":21}},"182":{"start":{"line":183,"column":0},"end":{"line":183,"column":46}},"183":{"start":{"line":184,"column":0},"end":{"line":184,"column":107}},"184":{"start":{"line":185,"column":0},"end":{"line":185,"column":71}},"185":{"start":{"line":186,"column":0},"end":{"line":186,"column":18}},"186":{"start":{"line":187,"column":0},"end":{"line":187,"column":16}},"188":{"start":{"line":189,"column":0},"end":{"line":189,"column":31}},"189":{"start":{"line":190,"column":0},"end":{"line":190,"column":12}},"192":{"start":{"line":193,"column":0},"end":{"line":193,"column":61}},"193":{"start":{"line":194,"column":0},"end":{"line":194,"column":36}},"194":{"start":{"line":195,"column":0},"end":{"line":195,"column":16}},"195":{"start":{"line":196,"column":0},"end":{"line":196,"column":23}},"196":{"start":{"line":197,"column":0},"end":{"line":197,"column":25}},"197":{"start":{"line":198,"column":0},"end":{"line":198,"column":30}},"198":{"start":{"line":199,"column":0},"end":{"line":199,"column":38}},"199":{"start":{"line":200,"column":0},"end":{"line":200,"column":14}},"200":{"start":{"line":201,"column":0},"end":{"line":201,"column":31}},"201":{"start":{"line":202,"column":0},"end":{"line":202,"column":53}},"202":{"start":{"line":203,"column":0},"end":{"line":203,"column":34}},"203":{"start":{"line":204,"column":0},"end":{"line":204,"column":15}},"204":{"start":{"line":205,"column":0},"end":{"line":205,"column":14}},"205":{"start":{"line":206,"column":0},"end":{"line":206,"column":62}},"206":{"start":{"line":207,"column":0},"end":{"line":207,"column":136}},"207":{"start":{"line":208,"column":0},"end":{"line":208,"column":30}},"208":{"start":{"line":209,"column":0},"end":{"line":209,"column":12}},"209":{"start":{"line":210,"column":0},"end":{"line":210,"column":17}},"210":{"start":{"line":211,"column":0},"end":{"line":211,"column":28}},"211":{"start":{"line":212,"column":0},"end":{"line":212,"column":32}},"212":{"start":{"line":213,"column":0},"end":{"line":213,"column":14}},"213":{"start":{"line":214,"column":0},"end":{"line":214,"column":47}},"214":{"start":{"line":215,"column":0},"end":{"line":215,"column":144}},"216":{"start":{"line":217,"column":0},"end":{"line":217,"column":98}},"217":{"start":{"line":218,"column":0},"end":{"line":218,"column":19}},"218":{"start":{"line":219,"column":0},"end":{"line":219,"column":14}},"219":{"start":{"line":220,"column":0},"end":{"line":220,"column":44}},"220":{"start":{"line":221,"column":0},"end":{"line":221,"column":54}},"221":{"start":{"line":222,"column":0},"end":{"line":222,"column":111}},"222":{"start":{"line":223,"column":0},"end":{"line":223,"column":14}},"224":{"start":{"line":225,"column":0},"end":{"line":225,"column":12}},"225":{"start":{"line":226,"column":0},"end":{"line":226,"column":10}},"227":{"start":{"line":228,"column":0},"end":{"line":228,"column":1}}},"s":{"0":0,"9":0,"10":0,"11":0,"13":0,"14":0,"15":0,"16":0,"18":0,"19":0,"20":0,"21":0,"22":0,"23":0,"25":0,"26":0,"27":0,"28":0,"29":0,"30":0,"31":0,"32":0,"33":0,"34":0,"36":0,"37":0,"38":0,"39":0,"40":0,"41":0,"43":0,"45":0,"71":0,"72":0,"73":0,"74":0,"75":0,"77":0,"78":0,"79":0,"81":0,"82":0,"84":0,"85":0,"86":0,"87":0,"88":0,"89":0,"90":0,"91":0,"93":0,"94":0,"95":0,"96":0,"97":0,"98":0,"99":0,"101":0,"102":0,"103":0,"105":0,"106":0,"107":0,"108":0,"109":0,"110":0,"111":0,"112":0,"113":0,"114":0,"115":0,"116":0,"117":0,"118":0,"119":0,"120":0,"124":0,"125":0,"126":0,"127":0,"128":0,"129":0,"130":0,"131":0,"132":0,"133":0,"134":0,"135":0,"136":0,"137":0,"138":0,"139":0,"140":0,"142":0,"143":0,"145":0,"146":0,"147":0,"148":0,"149":0,"150":0,"152":0,"153":0,"154":0,"155":0,"156":0,"157":0,"158":0,"159":0,"160":0,"161":0,"162":0,"163":0,"164":0,"165":0,"166":0,"167":0,"169":0,"171":0,"172":0,"174":0,"176":0,"178":0,"179":0,"180":0,"181":0,"182":0,"183":0,"184":0,"185":0,"186":0,"188":0,"189":0,"192":0,"193":0,"194":0,"195":0,"196":0,"197":0,"198":0,"199":0,"200":0,"201":0,"202":0,"203":0,"204":0,"205":0,"206":0,"207":0,"208":0,"209":0,"210":0,"211":0,"212":0,"213":0,"214":0,"216":0,"217":0,"218":0,"219":0,"220":0,"221":0,"222":0,"224":0,"225":0,"227":0},"branchMap":{"0":{"type":"branch","line":1,"loc":{"start":{"line":1,"column":0},"end":{"line":228,"column":-2211}},"locations":[{"start":{"line":1,"column":0},"end":{"line":228,"column":-2211}}]}},"b":{"0":[0]},"fnMap":{"0":{"name":"(empty-report)","decl":{"start":{"line":1,"column":0},"end":{"line":228,"column":-2211}},"loc":{"start":{"line":1,"column":0},"end":{"line":228,"column":-2211}},"line":1}},"f":{"0":0}}
,"D:\\WorkSpace\\Claude_Code\\enterprise-pdf-qa\\frontend\\src\\components\\CitationPanel.tsx": {"path":"D:\\WorkSpace\\Claude_Code\\enterprise-pdf-qa\\frontend\\src\\components\\CitationPanel.tsx","all":false,"statementMap":{"0":{"start":{"line":1,"column":0},"end":{"line":1,"column":63}},"22":{"start":{"line":23,"column":0},"end":{"line":23,"column":61}},"23":{"start":{"line":24,"column":0},"end":{"line":24,"column":64}},"24":{"start":{"line":25,"column":0},"end":{"line":25,"column":37}},"25":{"start":{"line":26,"column":0},"end":{"line":26,"column":30}},"26":{"start":{"line":27,"column":0},"end":{"line":27,"column":1}},"28":{"start":{"line":29,"column":0},"end":{"line":29,"column":73}},"29":{"start":{"line":30,"column":0},"end":{"line":30,"column":40}},"30":{"start":{"line":31,"column":0},"end":{"line":31,"column":83}},"31":{"start":{"line":32,"column":0},"end":{"line":32,"column":84}},"32":{"start":{"line":33,"column":0},"end":{"line":33,"column":67}},"33":{"start":{"line":34,"column":0},"end":{"line":34,"column":1}},"35":{"start":{"line":36,"column":0},"end":{"line":36,"column":53}},"36":{"start":{"line":37,"column":0},"end":{"line":37,"column":63}},"38":{"start":{"line":39,"column":0},"end":{"line":39,"column":36}},"40":{"start":{"line":41,"column":0},"end":{"line":41,"column":53}},"42":{"start":{"line":43,"column":0},"end":{"line":43,"column":10}},"43":{"start":{"line":44,"column":0},"end":{"line":44,"column":76}},"44":{"start":{"line":45,"column":0},"end":{"line":45,"column":93}},"45":{"start":{"line":46,"column":0},"end":{"line":46,"column":54}},"46":{"start":{"line":47,"column":0},"end":{"line":47,"column":62}},"47":{"start":{"line":48,"column":0},"end":{"line":48,"column":38}},"48":{"start":{"line":49,"column":0},"end":{"line":49,"column":15}},"49":{"start":{"line":50,"column":0},"end":{"line":50,"column":12}},"50":{"start":{"line":51,"column":0},"end":{"line":51,"column":47}},"51":{"start":{"line":52,"column":0},"end":{"line":52,"column":34}},"52":{"start":{"line":53,"column":0},"end":{"line":53,"column":64}},"53":{"start":{"line":54,"column":0},"end":{"line":54,"column":18}},"54":{"start":{"line":55,"column":0},"end":{"line":55,"column":55}},"55":{"start":{"line":56,"column":0},"end":{"line":56,"column":21}},"56":{"start":{"line":57,"column":0},"end":{"line":57,"column":92}},"57":{"start":{"line":58,"column":0},"end":{"line":58,"column":83}},"59":{"start":{"line":60,"column":0},"end":{"line":60,"column":21}},"60":{"start":{"line":61,"column":0},"end":{"line":61,"column":146}},"61":{"start":{"line":62,"column":0},"end":{"line":62,"column":27}},"62":{"start":{"line":63,"column":0},"end":{"line":63,"column":25}},"63":{"start":{"line":64,"column":0},"end":{"line":64,"column":94}},"64":{"start":{"line":65,"column":0},"end":{"line":65,"column":45}},"65":{"start":{"line":66,"column":0},"end":{"line":66,"column":89}},"67":{"start":{"line":68,"column":0},"end":{"line":68,"column":74}},"68":{"start":{"line":69,"column":0},"end":{"line":69,"column":22}},"69":{"start":{"line":70,"column":0},"end":{"line":70,"column":40}},"70":{"start":{"line":71,"column":0},"end":{"line":71,"column":83}},"71":{"start":{"line":72,"column":0},"end":{"line":72,"column":86}},"72":{"start":{"line":73,"column":0},"end":{"line":73,"column":23}},"73":{"start":{"line":74,"column":0},"end":{"line":74,"column":43}},"74":{"start":{"line":75,"column":0},"end":{"line":75,"column":97}},"75":{"start":{"line":76,"column":0},"end":{"line":76,"column":29}},"76":{"start":{"line":77,"column":0},"end":{"line":77,"column":20}},"78":{"start":{"line":79,"column":0},"end":{"line":79,"column":17}},"80":{"start":{"line":81,"column":0},"end":{"line":81,"column":11}},"81":{"start":{"line":82,"column":0},"end":{"line":82,"column":11}},"82":{"start":{"line":83,"column":0},"end":{"line":83,"column":10}},"84":{"start":{"line":85,"column":0},"end":{"line":85,"column":1}}},"s":{"0":1,"22":9,"23":9,"24":9,"25":9,"26":9,"28":18,"29":18,"30":18,"31":0,"32":0,"33":0,"35":1,"36":10,"38":10,"40":9,"42":9,"43":9,"44":9,"45":9,"46":9,"47":9,"48":9,"49":9,"50":9,"51":9,"52":18,"53":18,"54":18,"55":18,"56":18,"57":18,"59":18,"60":18,"61":18,"62":18,"63":18,"64":18,"65":18,"67":18,"68":18,"69":18,"70":2,"71":16,"72":18,"73":18,"74":2,"75":2,"76":2,"78":18,"80":9,"81":9,"82":9,"84":9},"branchMap":{"0":{"type":"branch","line":23,"loc":{"start":{"line":23,"column":0},"end":{"line":27,"column":1}},"locations":[{"start":{"line":23,"column":0},"end":{"line":27,"column":1}}]},"1":{"type":"branch","line":24,"loc":{"start":{"line":24,"column":28},"end":{"line":24,"column":63}},"locations":[{"start":{"line":24,"column":28},"end":{"line":24,"column":63}}]},"2":{"type":"branch","line":26,"loc":{"start":{"line":26,"column":17},"end":{"line":26,"column":29}},"locations":[{"start":{"line":26,"column":17},"end":{"line":26,"column":29}}]},"3":{"type":"branch","line":29,"loc":{"start":{"line":29,"column":0},"end":{"line":34,"column":1}},"locations":[{"start":{"line":29,"column":0},"end":{"line":34,"column":1}}]},"4":{"type":"branch","line":31,"loc":{"start":{"line":31,"column":82},"end":{"line":34,"column":1}},"locations":[{"start":{"line":31,"column":82},"end":{"line":34,"column":1}}]},"5":{"type":"branch","line":36,"loc":{"start":{"line":36,"column":7},"end":{"line":85,"column":1}},"locations":[{"start":{"line":36,"column":7},"end":{"line":85,"column":1}}]},"6":{"type":"branch","line":39,"loc":{"start":{"line":39,"column":25},"end":{"line":39,"column":36}},"locations":[{"start":{"line":39,"column":25},"end":{"line":39,"column":36}}]},"7":{"type":"branch","line":39,"loc":{"start":{"line":39,"column":32},"end":{"line":85,"column":1}},"locations":[{"start":{"line":39,"column":32},"end":{"line":85,"column":1}}]},"8":{"type":"branch","line":52,"loc":{"start":{"line":52,"column":23},"end":{"line":81,"column":9}},"locations":[{"start":{"line":52,"column":23},"end":{"line":81,"column":9}}]},"9":{"type":"branch","line":70,"loc":{"start":{"line":70,"column":32},"end":{"line":71,"column":83}},"locations":[{"start":{"line":70,"column":32},"end":{"line":71,"column":83}}]},"10":{"type":"branch","line":71,"loc":{"start":{"line":71,"column":81},"end":{"line":72,"column":86}},"locations":[{"start":{"line":71,"column":81},"end":{"line":72,"column":86}}]},"11":{"type":"branch","line":74,"loc":{"start":{"line":74,"column":30},"end":{"line":77,"column":20}},"locations":[{"start":{"line":74,"column":30},"end":{"line":77,"column":20}}]},"12":{"type":"branch","line":57,"loc":{"start":{"line":57,"column":25},"end":{"line":57,"column":92}},"locations":[{"start":{"line":57,"column":25},"end":{"line":57,"column":92}}]},"13":{"type":"branch","line":57,"loc":{"start":{"line":57,"column":60},"end":{"line":57,"column":78}},"locations":[{"start":{"line":57,"column":60},"end":{"line":57,"column":78}}]},"14":{"type":"branch","line":57,"loc":{"start":{"line":57,"column":71},"end":{"line":57,"column":88}},"locations":[{"start":{"line":57,"column":71},"end":{"line":57,"column":88}}]}},"b":{"0":[9],"1":[18],"2":[18],"3":[18],"4":[0],"5":[10],"6":[1],"7":[9],"8":[18],"9":[2],"10":[16],"11":[2],"12":[3],"13":[1],"14":[2]},"fnMap":{"0":{"name":"getRelativeScores","decl":{"start":{"line":23,"column":0},"end":{"line":27,"column":1}},"loc":{"start":{"line":23,"column":0},"end":{"line":27,"column":1}},"line":23},"1":{"name":"matchLabel","decl":{"start":{"line":29,"column":0},"end":{"line":34,"column":1}},"loc":{"start":{"line":29,"column":0},"end":{"line":34,"column":1}},"line":29},"2":{"name":"CitationPanel","decl":{"start":{"line":36,"column":7},"end":{"line":85,"column":1}},"loc":{"start":{"line":36,"column":7},"end":{"line":85,"column":1}},"line":36},"3":{"name":"onClick","decl":{"start":{"line":57,"column":25},"end":{"line":57,"column":92}},"loc":{"start":{"line":57,"column":25},"end":{"line":57,"column":92}},"line":57}},"f":{"0":9,"1":18,"2":10,"3":3}}
,"D:\\WorkSpace\\Claude_Code\\enterprise-pdf-qa\\frontend\\src\\components\\DocumentList.tsx": {"path":"D:\\WorkSpace\\Claude_Code\\enterprise-pdf-qa\\frontend\\src\\components\\DocumentList.tsx","all":false,"statementMap":{"0":{"start":{"line":1,"column":0},"end":{"line":1,"column":88}},"21":{"start":{"line":22,"column":0},"end":{"line":22,"column":20}},"22":{"start":{"line":23,"column":0},"end":{"line":23,"column":57}},"23":{"start":{"line":24,"column":0},"end":{"line":24,"column":72}},"24":{"start":{"line":25,"column":0},"end":{"line":25,"column":60}},"25":{"start":{"line":26,"column":0},"end":{"line":26,"column":59}},"26":{"start":{"line":27,"column":0},"end":{"line":27,"column":1}},"28":{"start":{"line":29,"column":0},"end":{"line":29,"column":86}},"29":{"start":{"line":30,"column":0},"end":{"line":30,"column":81}},"30":{"start":{"line":31,"column":0},"end":{"line":31,"column":23}},"31":{"start":{"line":32,"column":0},"end":{"line":32,"column":45}},"32":{"start":{"line":33,"column":0},"end":{"line":33,"column":9}},"33":{"start":{"line":34,"column":0},"end":{"line":34,"column":30}},"34":{"start":{"line":35,"column":0},"end":{"line":35,"column":39}},"35":{"start":{"line":36,"column":0},"end":{"line":36,"column":17}},"36":{"start":{"line":37,"column":0},"end":{"line":37,"column":13}},"37":{"start":{"line":38,"column":0},"end":{"line":38,"column":34}},"38":{"start":{"line":39,"column":0},"end":{"line":39,"column":5}},"39":{"start":{"line":40,"column":0},"end":{"line":40,"column":3}},"41":{"start":{"line":42,"column":0},"end":{"line":42,"column":26}},"42":{"start":{"line":43,"column":0},"end":{"line":43,"column":107}},"43":{"start":{"line":44,"column":0},"end":{"line":44,"column":3}},"45":{"start":{"line":46,"column":0},"end":{"line":46,"column":10}},"46":{"start":{"line":47,"column":0},"end":{"line":47,"column":45}},"47":{"start":{"line":48,"column":0},"end":{"line":48,"column":31}},"48":{"start":{"line":49,"column":0},"end":{"line":49,"column":55}},"49":{"start":{"line":50,"column":0},"end":{"line":50,"column":16}},"50":{"start":{"line":51,"column":0},"end":{"line":51,"column":13}},"51":{"start":{"line":52,"column":0},"end":{"line":52,"column":24}},"52":{"start":{"line":53,"column":0},"end":{"line":53,"column":76}},"53":{"start":{"line":54,"column":0},"end":{"line":54,"column":88}},"54":{"start":{"line":55,"column":0},"end":{"line":55,"column":90}},"55":{"start":{"line":56,"column":0},"end":{"line":56,"column":70}},"57":{"start":{"line":58,"column":0},"end":{"line":58,"column":66}},"58":{"start":{"line":59,"column":0},"end":{"line":59,"column":44}},"59":{"start":{"line":60,"column":0},"end":{"line":60,"column":95}},"60":{"start":{"line":61,"column":0},"end":{"line":61,"column":51}},"61":{"start":{"line":62,"column":0},"end":{"line":62,"column":62}},"62":{"start":{"line":63,"column":0},"end":{"line":63,"column":76}},"63":{"start":{"line":64,"column":0},"end":{"line":64,"column":79}},"64":{"start":{"line":65,"column":0},"end":{"line":65,"column":18}},"65":{"start":{"line":66,"column":0},"end":{"line":66,"column":18}},"66":{"start":{"line":67,"column":0},"end":{"line":67,"column":53}},"67":{"start":{"line":68,"column":0},"end":{"line":68,"column":38}},"68":{"start":{"line":69,"column":0},"end":{"line":69,"column":21}},"69":{"start":{"line":70,"column":0},"end":{"line":70,"column":84}},"70":{"start":{"line":71,"column":0},"end":{"line":71,"column":75}},"72":{"start":{"line":73,"column":0},"end":{"line":73,"column":46}},"73":{"start":{"line":74,"column":0},"end":{"line":74,"column":23}},"74":{"start":{"line":75,"column":0},"end":{"line":75,"column":18}},"75":{"start":{"line":76,"column":0},"end":{"line":76,"column":15}},"77":{"start":{"line":78,"column":0},"end":{"line":78,"column":9}},"78":{"start":{"line":79,"column":0},"end":{"line":79,"column":9}},"80":{"start":{"line":81,"column":0},"end":{"line":81,"column":1}}},"s":{"0":1,"21":1,"22":1,"23":1,"24":1,"25":1,"26":1,"28":1,"29":8,"30":2,"31":2,"32":1,"33":1,"34":1,"35":1,"36":2,"37":0,"38":0,"39":2,"41":8,"42":1,"43":1,"45":7,"46":7,"47":7,"48":7,"49":7,"50":7,"51":7,"52":7,"53":7,"54":7,"55":7,"57":7,"58":7,"59":7,"60":7,"61":7,"62":7,"63":7,"64":7,"65":7,"66":7,"67":7,"68":7,"69":7,"70":7,"72":7,"73":7,"74":7,"75":7,"77":7,"78":7,"80":7},"branchMap":{"0":{"type":"branch","line":29,"loc":{"start":{"line":29,"column":7},"end":{"line":81,"column":1}},"locations":[{"start":{"line":29,"column":7},"end":{"line":81,"column":1}}]},"1":{"type":"branch","line":42,"loc":{"start":{"line":42,"column":25},"end":{"line":44,"column":3}},"locations":[{"start":{"line":42,"column":25},"end":{"line":44,"column":3}}]},"2":{"type":"branch","line":44,"loc":{"start":{"line":44,"column":2},"end":{"line":81,"column":1}},"locations":[{"start":{"line":44,"column":2},"end":{"line":81,"column":1}}]},"3":{"type":"branch","line":30,"loc":{"start":{"line":30,"column":23},"end":{"line":40,"column":3}},"locations":[{"start":{"line":30,"column":23},"end":{"line":40,"column":3}}]},"4":{"type":"branch","line":32,"loc":{"start":{"line":32,"column":39},"end":{"line":37,"column":12}},"locations":[{"start":{"line":32,"column":39},"end":{"line":37,"column":12}}]},"5":{"type":"branch","line":37,"loc":{"start":{"line":37,"column":4},"end":{"line":39,"column":5}},"locations":[{"start":{"line":37,"column":4},"end":{"line":39,"column":5}}]},"6":{"type":"branch","line":48,"loc":{"start":{"line":48,"column":21},"end":{"line":78,"column":7}},"locations":[{"start":{"line":48,"column":21},"end":{"line":78,"column":7}}]},"7":{"type":"branch","line":55,"loc":{"start":{"line":55,"column":31},"end":{"line":55,"column":62}},"locations":[{"start":{"line":55,"column":31},"end":{"line":55,"column":62}}]},"8":{"type":"branch","line":55,"loc":{"start":{"line":55,"column":41},"end":{"line":55,"column":89}},"locations":[{"start":{"line":55,"column":41},"end":{"line":55,"column":89}}]},"9":{"type":"branch","line":56,"loc":{"start":{"line":56,"column":16},"end":{"line":56,"column":65}},"locations":[{"start":{"line":56,"column":16},"end":{"line":56,"column":65}}]},"10":{"type":"branch","line":56,"loc":{"start":{"line":56,"column":29},"end":{"line":56,"column":67}},"locations":[{"start":{"line":56,"column":29},"end":{"line":56,"column":67}}]},"11":{"type":"branch","line":63,"loc":{"start":{"line":63,"column":62},"end":{"line":63,"column":76}},"locations":[{"start":{"line":63,"column":62},"end":{"line":63,"column":76}}]},"12":{"type":"branch","line":64,"loc":{"start":{"line":64,"column":64},"end":{"line":64,"column":79}},"locations":[{"start":{"line":64,"column":64},"end":{"line":64,"column":79}}]},"13":{"type":"branch","line":53,"loc":{"start":{"line":53,"column":21},"end":{"line":53,"column":76}},"locations":[{"start":{"line":53,"column":21},"end":{"line":53,"column":76}}]},"14":{"type":"branch","line":53,"loc":{"start":{"line":53,"column":57},"end":{"line":53,"column":74}},"locations":[{"start":{"line":53,"column":57},"end":{"line":53,"column":74}}]},"15":{"type":"branch","line":70,"loc":{"start":{"line":70,"column":25},"end":{"line":70,"column":84}},"locations":[{"start":{"line":70,"column":25},"end":{"line":70,"column":84}}]}},"b":{"0":[8],"1":[1],"2":[7],"3":[2],"4":[1],"5":[0],"6":[7],"7":[6],"8":[1],"9":[1],"10":[6],"11":[0],"12":[0],"13":[2],"14":[1],"15":[2]},"fnMap":{"0":{"name":"DocumentList","decl":{"start":{"line":29,"column":7},"end":{"line":81,"column":1}},"loc":{"start":{"line":29,"column":7},"end":{"line":81,"column":1}},"line":29},"1":{"name":"handleDelete","decl":{"start":{"line":30,"column":23},"end":{"line":40,"column":3}},"loc":{"start":{"line":30,"column":23},"end":{"line":40,"column":3}},"line":30},"2":{"name":"onClick","decl":{"start":{"line":53,"column":21},"end":{"line":53,"column":76}},"loc":{"start":{"line":53,"column":21},"end":{"line":53,"column":76}},"line":53},"3":{"name":"onClick","decl":{"start":{"line":70,"column":25},"end":{"line":70,"column":84}},"loc":{"start":{"line":70,"column":25},"end":{"line":70,"column":84}},"line":70}},"f":{"0":8,"1":2,"2":2,"3":2}}
,"D:\\WorkSpace\\Claude_Code\\enterprise-pdf-qa\\frontend\\src\\components\\PDFUpload.tsx": {"path":"D:\\WorkSpace\\Claude_Code\\enterprise-pdf-qa\\frontend\\src\\components\\PDFUpload.tsx","all":false,"statementMap":{"0":{"start":{"line":1,"column":0},"end":{"line":1,"column":45}},"10":{"start":{"line":11,"column":0},"end":{"line":11,"column":50}},"11":{"start":{"line":12,"column":0},"end":{"line":12,"column":51}},"13":{"start":{"line":14,"column":0},"end":{"line":14,"column":58}},"14":{"start":{"line":15,"column":0},"end":{"line":15,"column":34}},"15":{"start":{"line":16,"column":0},"end":{"line":16,"column":24}},"16":{"start":{"line":17,"column":0},"end":{"line":17,"column":11}},"17":{"start":{"line":18,"column":0},"end":{"line":18,"column":34}},"18":{"start":{"line":19,"column":0},"end":{"line":19,"column":62}},"19":{"start":{"line":20,"column":0},"end":{"line":20,"column":20}},"20":{"start":{"line":21,"column":0},"end":{"line":21,"column":30}},"21":{"start":{"line":22,"column":0},"end":{"line":22,"column":74}},"22":{"start":{"line":23,"column":0},"end":{"line":23,"column":70}},"23":{"start":{"line":24,"column":0},"end":{"line":24,"column":17}},"24":{"start":{"line":25,"column":0},"end":{"line":25,"column":27}},"25":{"start":{"line":26,"column":0},"end":{"line":26,"column":7}},"26":{"start":{"line":27,"column":0},"end":{"line":27,"column":5}},"27":{"start":{"line":28,"column":0},"end":{"line":28,"column":18}},"29":{"start":{"line":30,"column":0},"end":{"line":30,"column":69}},"30":{"start":{"line":31,"column":0},"end":{"line":31,"column":52}},"31":{"start":{"line":32,"column":0},"end":{"line":32,"column":44}},"32":{"start":{"line":33,"column":0},"end":{"line":33,"column":30}},"33":{"start":{"line":34,"column":0},"end":{"line":34,"column":19}},"34":{"start":{"line":35,"column":0},"end":{"line":35,"column":4}},"36":{"start":{"line":37,"column":0},"end":{"line":37,"column":10}},"37":{"start":{"line":38,"column":0},"end":{"line":38,"column":8}},"38":{"start":{"line":39,"column":0},"end":{"line":39,"column":25}},"39":{"start":{"line":40,"column":0},"end":{"line":40,"column":101}},"40":{"start":{"line":41,"column":0},"end":{"line":41,"column":115}},"42":{"start":{"line":43,"column":0},"end":{"line":43,"column":36}},"43":{"start":{"line":44,"column":0},"end":{"line":44,"column":20}},"44":{"start":{"line":45,"column":0},"end":{"line":45,"column":75}},"46":{"start":{"line":47,"column":0},"end":{"line":47,"column":62}},"48":{"start":{"line":49,"column":0},"end":{"line":49,"column":60}},"49":{"start":{"line":50,"column":0},"end":{"line":50,"column":87}},"50":{"start":{"line":51,"column":0},"end":{"line":51,"column":10}},"51":{"start":{"line":52,"column":0},"end":{"line":52,"column":70}},"52":{"start":{"line":53,"column":0},"end":{"line":53,"column":10}},"54":{"start":{"line":55,"column":0},"end":{"line":55,"column":1}}},"s":{"0":1,"10":1,"11":10,"13":10,"14":2,"15":2,"16":2,"17":2,"18":1,"19":1,"20":1,"21":1,"22":1,"23":2,"24":2,"25":2,"26":2,"27":10,"29":10,"30":10,"31":10,"32":10,"33":10,"34":10,"36":10,"37":10,"38":10,"39":10,"40":10,"42":10,"43":10,"44":2,"46":8,"48":10,"49":10,"50":10,"51":10,"52":10,"54":10},"branchMap":{"0":{"type":"branch","line":11,"loc":{"start":{"line":11,"column":7},"end":{"line":55,"column":1}},"locations":[{"start":{"line":11,"column":7},"end":{"line":55,"column":1}}]},"1":{"type":"branch","line":41,"loc":{"start":{"line":41,"column":10},"end":{"line":41,"column":56}},"locations":[{"start":{"line":41,"column":10},"end":{"line":41,"column":56}}]},"2":{"type":"branch","line":44,"loc":{"start":{"line":44,"column":7},"end":{"line":45,"column":75}},"locations":[{"start":{"line":44,"column":7},"end":{"line":45,"column":75}}]},"3":{"type":"branch","line":45,"loc":{"start":{"line":45,"column":73},"end":{"line":47,"column":62}},"locations":[{"start":{"line":45,"column":73},"end":{"line":47,"column":62}}]},"4":{"type":"branch","line":50,"loc":{"start":{"line":50,"column":9},"end":{"line":50,"column":48}},"locations":[{"start":{"line":50,"column":9},"end":{"line":50,"column":48}}]},"5":{"type":"branch","line":14,"loc":{"start":{"line":14,"column":29},"end":{"line":28,"column":5}},"locations":[{"start":{"line":14,"column":29},"end":{"line":28,"column":5}}]},"6":{"type":"branch","line":18,"loc":{"start":{"line":18,"column":33},"end":{"line":24,"column":8}},"locations":[{"start":{"line":18,"column":33},"end":{"line":24,"column":8}}]},"7":{"type":"branch","line":23,"loc":{"start":{"line":23,"column":43},"end":{"line":23,"column":69}},"locations":[{"start":{"line":23,"column":43},"end":{"line":23,"column":69}}]},"8":{"type":"branch","line":31,"loc":{"start":{"line":31,"column":12},"end":{"line":31,"column":52}},"locations":[{"start":{"line":31,"column":12},"end":{"line":31,"column":52}}]}},"b":{"0":[10],"1":[0],"2":[2],"3":[8],"4":[0],"5":[2],"6":[1],"7":[0],"8":[2]},"fnMap":{"0":{"name":"PDFUpload","decl":{"start":{"line":11,"column":7},"end":{"line":55,"column":1}},"loc":{"start":{"line":11,"column":7},"end":{"line":55,"column":1}},"line":11},"1":{"name":"onDrop","decl":{"start":{"line":31,"column":12},"end":{"line":31,"column":52}},"loc":{"start":{"line":31,"column":12},"end":{"line":31,"column":52}},"line":31}},"f":{"0":10,"1":2}}
[...]
,"end":{"line":70,"column":51}},"71":{"start":{"line":72,"column":0},"end":{"line":72,"column":89}},"72":{"start":{"line":73,"column":0},"end":{"line":73,"column":56}},"73":{"start":{"line":74,"column":0},"end":{"line":74,"column":87}},"74":{"start":{"line":75,"column":0},"end":{"line":75,"column":56}},"75":{"start":{"line":76,"column":0},"end":{"line":76,"column":17}},"76":{"start":{"line":77,"column":0},"end":{"line":77,"column":112}},"77":{"start":{"line":78,"column":0},"end":{"line":78,"column":16}},"78":{"start":{"line":79,"column":0},"end":{"line":79,"column":54}},"79":{"start":{"line":80,"column":0},"end":{"line":80,"column":26}},"80":{"start":{"line":81,"column":0},"end":{"line":81,"column":80}},"82":{"start":{"line":83,"column":0},"end":{"line":83,"column":27}},"83":{"start":{"line":84,"column":0},"end":{"line":84,"column":37}},"84":{"start":{"line":85,"column":0},"end":{"line":85,"column":41}},"85":{"start":{"line":86,"column":0},"end":{"line":86,"column":36}},"86":{"start":{"line":87,"column":0},"end":{"line":87,"column":34}},"87":{"start":{"line":88,"column":0},"end":{"line":88,"column":81}},"88":{"start":{"line":89,"column":0},"end":{"line":89,"column":36}},"89":{"start":{"line":90,"column":0},"end":{"line":90,"column":18}},"90":{"start":{"line":91,"column":0},"end":{"line":91,"column":16}},"92":{"start":{"line":93,"column":0},"end":{"line":93,"column":16}},"93":{"start":{"line":94,"column":0},"end":{"line":94,"column":38}},"94":{"start":{"line":95,"column":0},"end":{"line":95,"column":58}},"95":{"start":{"line":96,"column":0},"end":{"line":96,"column":21}},"96":{"start":{"line":97,"column":0},"end":{"line":97,"column":54}},"97":{"start":{"line":98,"column":0},"end":{"line":98,"column":69}},"98":{"start":{"line":99,"column":0},"end":{"line":99,"column":15}},"99":{"start":{"line":100,"column":0},"end":{"line":100,"column":54}},"100":{"start":{"line":101,"column":0},"end":{"line":101,"column":23}},"101":{"start":{"line":102,"column":0},"end":{"line":102,"column":18}},"103":{"start":{"line":104,"column":0},"end":{"line":104,"column":16}},"106":{"start":{"line":107,"column":0},"end":{"line":107,"column":63}},"108":{"start":{"line":109,"column":0},"end":{"line":109,"column":95}},"109":{"start":{"line":110,"column":0},"end":{"line":110,"column":100}},"110":{"start":{"line":111,"column":0},"end":{"line":111,"column":19}},"111":{"start":{"line":112,"column":0},"end":{"line":112,"column":54}},"112":{"start":{"line":113,"column":0},"end":{"line":113,"column":95}},"113":{"start":{"line":114,"column":0},"end":{"line":114,"column":116}},"115":{"start":{"line":116,"column":0},"end":{"line":116,"column":45}},"117":{"start":{"line":118,"column":0},"end":{"line":118,"column":21}},"118":{"start":{"line":119,"column":0},"end":{"line":119,"column":19}},"119":{"start":{"line":120,"column":0},"end":{"line":120,"column":48}},"120":{"start":{"line":121,"column":0},"end":{"line":121,"column":95}},"121":{"start":{"line":122,"column":0},"end":{"line":122,"column":112}},"123":{"start":{"line":124,"column":0},"end":{"line":124,"column":45}},"125":{"start":{"line":126,"column":0},"end":{"line":126,"column":21}},"126":{"start":{"line":127,"column":0},"end":{"line":127,"column":16}},"127":{"start":{"line":128,"column":0},"end":{"line":128,"column":50}},"128":{"start":{"line":129,"column":0},"end":{"line":129,"column":75}},"129":{"start":{"line":130,"column":0},"end":{"line":130,"column":16}},"130":{"start":{"line":131,"column":0},"end":{"line":131,"column":15}},"131":{"start":{"line":132,"column":0},"end":{"line":132,"column":12}},"132":{"start":{"line":133,"column":0},"end":{"line":133,"column":10}},"134":{"start":{"line":135,"column":0},"end":{"line":135,"column":1}}},"s":{"0":0,"12":0,"13":0,"14":0,"15":0,"16":0,"17":0,"29":0,"31":0,"32":0,"33":0,"34":0,"35":0,"37":0,"39":0,"40":0,"41":0,"42":0,"43":0,"45":0,"46":0,"47":0,"48":0,"50":0,"51":0,"53":0,"54":0,"55":0,"56":0,"57":0,"59":0,"60":0,"61":0,"62":0,"63":0,"64":0,"65":0,"66":0,"67":0,"69":0,"71":0,"72":0,"73":0,"74":0,"75":0,"76":0,"77":0,"78":0,"79":0,"80":0,"82":0,"83":0,"84":0,"85":0,"86":0,"87":0,"88":0,"89":0,"90":0,"92":0,"93":0,"94":0,"95":0,"96":0,"97":0,"98":0,"99":0,"100":0,"101":0,"103":0,"106":0,"108":0,"109":0,"110":0,"111":0,"112":0,"113":0,"115":0,"117":0,"118":0,"119":0,"120":0,"121":0,"123":0,"125":0,"126":0,"127":0,"128":0,"129":0,"130":0,"131":0,"132":0,"134":0},"branchMap":{"0":{"type":"branch","line":1,"loc":{"start":{"line":1,"column":0},"end":{"line":135,"column":-2786}},"locations":[{"start":{"line":1,"column":0},"end":{"line":135,"column":-2786}}]}},"b":{"0":[0]},"fnMap":{"0":{"name":"(empty-report)","decl":{"start":{"line":1,"column":0},"end":{"line":135,"column":-2786}},"loc":{"start":{"line":1,"column":0},"end":{"line":135,"column":-2786}},"line":1}},"f":{"0":0}}
,"D:\\WorkSpace\\Claude_Code\\enterprise-pdf-qa\\frontend\\src\\pages\\LoginPage.tsx": {"path":"D:\\WorkSpace\\Claude_Code\\enterprise-pdf-qa\\frontend\\src\\pages\\LoginPage.tsx","all":false,"statementMap":{"0":{"start":{"line":1,"column":0},"end":{"line":1,"column":32}},"7":{"start":{"line":8,"column":0},"end":{"line":8,"column":29}},"8":{"start":{"line":9,"column":0},"end":{"line":9,"column":65}},"9":{"start":{"line":10,"column":0},"end":{"line":10,"column":40}},"10":{"start":{"line":11,"column":0},"end":{"line":11,"column":46}},"11":{"start":{"line":12,"column":0},"end":{"line":12,"column":38}},"12":{"start":{"line":13,"column":0},"end":{"line":13,"column":47}},"13":{"start":{"line":14,"column":0},"end":{"line":14,"column":46}},"14":{"start":{"line":15,"column":0},"end":{"line":15,"column":32}},"16":{"start":{"line":17,"column":0},"end":{"line":17,"column":48}},"17":{"start":{"line":18,"column":0},"end":{"line":18,"column":22}},"18":{"start":{"line":19,"column":0},"end":{"line":19,"column":20}},"19":{"start":{"line":20,"column":0},"end":{"line":20,"column":9}},"20":{"start":{"line":21,"column":0},"end":{"line":21,"column":32}},"21":{"start":{"line":22,"column":0},"end":{"line":22,"column":53}},"22":{"start":{"line":23,"column":0},"end":{"line":23,"column":56}},"23":{"start":{"line":24,"column":0},"end":{"line":24,"column":24}},"24":{"start":{"line":25,"column":0},"end":{"line":25,"column":14}},"25":{"start":{"line":26,"column":0},"end":{"line":26,"column":57}},"26":{"start":{"line":27,"column":0},"end":{"line":27,"column":40}},"27":{"start":{"line":28,"column":0},"end":{"line":28,"column":41}},"28":{"start":{"line":29,"column":0},"end":{"line":29,"column":75}},"29":{"start":{"line":30,"column":0},"end":{"line":30,"column":30}},"30":{"start":{"line":31,"column":0},"end":{"line":31,"column":7}},"31":{"start":{"line":32,"column":0},"end":{"line":32,"column":28}},"32":{"start":{"line":33,"column":0},"end":{"line":33,"column":72}},"33":{"start":{"line":34,"column":0},"end":{"line":34,"column":75}},"34":{"start":{"line":35,"column":0},"end":{"line":35,"column":15}},"35":{"start":{"line":36,"column":0},"end":{"line":36,"column":23}},"36":{"start":{"line":37,"column":0},"end":{"line":37,"column":5}},"37":{"start":{"line":38,"column":0},"end":{"line":38,"column":3}},"39":{"start":{"line":40,"column":0},"end":{"line":40,"column":10}},"40":{"start":{"line":41,"column":0},"end":{"line":41,"column":116}},"41":{"start":{"line":42,"column":0},"end":{"line":42,"column":74}},"42":{"start":{"line":43,"column":0},"end":{"line":43,"column":69}},"43":{"start":{"line":44,"column":0},"end":{"line":44,"column":56}},"44":{"start":{"line":45,"column":0},"end":{"line":45,"column":71}},"45":{"start":{"line":46,"column":0},"end":{"line":46,"column":14}},"47":{"start":{"line":48,"column":0},"end":{"line":48,"column":77}},"48":{"start":{"line":49,"column":0},"end":{"line":49,"column":78}},"49":{"start":{"line":50,"column":0},"end":{"line":50,"column":13}},"51":{"start":{"line":52,"column":0},"end":{"line":52,"column":73}},"52":{"start":{"line":53,"column":0},"end":{"line":53,"column":35}},"53":{"start":{"line":54,"column":0},"end":{"line":54,"column":18}},"54":{"start":{"line":55,"column":0},"end":{"line":55,"column":25}},"55":{"start":{"line":56,"column":0},"end":{"line":56,"column":48}},"56":{"start":{"line":57,"column":0},"end":{"line":57,"column":26}},"57":{"start":{"line":58,"column":0},"end":{"line":58,"column":59}},"58":{"start":{"line":59,"column":0},"end":{"line":59,"column":138}},"59":{"start":{"line":60,"column":0},"end":{"line":60,"column":14}},"61":{"start":{"line":62,"column":0},"end":{"line":62,"column":16}},"62":{"start":{"line":63,"column":0},"end":{"line":63,"column":24}},"63":{"start":{"line":64,"column":0},"end":{"line":64,"column":31}},"64":{"start":{"line":65,"column":0},"end":{"line":65,"column":25}},"65":{"start":{"line":66,"column":0},"end":{"line":66,"column":20}},"66":{"start":{"line":67,"column":0},"end":{"line":67,"column":58}},"67":{"start":{"line":68,"column":0},"end":{"line":68,"column":136}},"68":{"start":{"line":69,"column":0},"end":{"line":69,"column":12}},"69":{"start":{"line":70,"column":0},"end":{"line":70,"column":16}},"70":{"start":{"line":71,"column":0},"end":{"line":71,"column":27}},"71":{"start":{"line":72,"column":0},"end":{"line":72,"column":34}},"72":{"start":{"line":73,"column":0},"end":{"line":73,"column":28}},"73":{"start":{"line":74,"column":0},"end":{"line":74,"column":20}},"74":{"start":{"line":75,"column":0},"end":{"line":75,"column":61}},"75":{"start":{"line":76,"column":0},"end":{"line":76,"column":136}},"76":{"start":{"line":77,"column":0},"end":{"line":77,"column":12}},"77":{"start":{"line":78,"column":0},"end":{"line":78,"column":17}},"78":{"start":{"line":79,"column":0},"end":{"line":79,"column":25}},"79":{"start":{"line":80,"column":0},"end":{"line":80,"column":30}},"80":{"start":{"line":81,"column":0},"end":{"line":81,"column":134}},"82":{"start":{"line":83,"column":0},"end":{"line":83,"column":82}},"83":{"start":{"line":84,"column":0},"end":{"line":84,"column":19}},"84":{"start":{"line":85,"column":0},"end":{"line":85,"column":15}},"86":{"start":{"line":87,"column":0},"end":{"line":87,"column":62}},"87":{"start":{"line":88,"column":0},"end":{"line":88,"column":89}},"88":{"start":{"line":89,"column":0},"end":{"line":89,"column":17}},"89":{"start":{"line":90,"column":0},"end":{"line":90,"column":80}},"90":{"start":{"line":91,"column":0},"end":{"line":91,"column":65}},"92":{"start":{"line":93,"column":0},"end":{"line":93,"column":55}},"93":{"start":{"line":94,"column":0},"end":{"line":94,"column":19}},"94":{"start":{"line":95,"column":0},"end":{"line":95,"column":12}},"95":{"start":{"line":96,"column":0},"end":{"line":96,"column":12}},"96":{"start":{"line":97,"column":0},"end":{"line":97,"column":10}},"98":{"start":{"line":99,"column":0},"end":{"line":99,"column":1}}},"s":{"0":1,"7":1,"8":18,"9":18,"10":18,"11":18,"12":18,"13":18,"14":18,"16":18,"17":3,"18":3,"19":3,"20":3,"21":0,"22":0,"23":0,"24":3,"25":3,"26":1,"27":1,"28":1,"29":1,"30":1,"31":3,"32":1,"33":1,"34":3,"35":2,"36":2,"37":3,"39":18,"40":18,"41":18,"42":18,"43":18,"44":18,"45":18,"47":18,"48":18,"49":18,"51":18,"52":18,"53":1,"54":1,"55":1,"56":1,"57":1,"58":1,"59":1,"61":18,"62":18,"63":18,"64":18,"65":18,"66":18,"67":18,"68":18,"69":18,"70":18,"71":18,"72":18,"73":18,"74":18,"75":18,"76":18,"77":18,"78":18,"79":18,"80":18,"82":18,"83":18,"84":18,"86":18,"87":18,"88":18,"89":18,"90":18,"92":18,"93":18,"94":18,"95":18,"96":18,"98":18},"branchMap":{"0":{"type":"branch","line":8,"loc":{"start":{"line":8,"column":7},"end":{"line":99,"column":1}},"locations":[{"start":{"line":8,"column":7},"end":{"line":99,"column":1}}]},"1":{"type":"branch","line":49,"loc":{"start":{"line":49,"column":20},"end":{"line":49,"column":58}},"locations":[{"start":{"line":49,"column":20},"end":{"line":49,"column":58}}]},"2":{"type":"branch","line":49,"loc":{"start":{"line":49,"column":30},"end":{"line":49,"column":78}},"locations":[{"start":{"line":49,"column":30},"end":{"line":49,"column":78}}]},"3":{"type":"branch","line":53,"loc":{"start":{"line":53,"column":20},"end":{"line":60,"column":14}},"locations":[{"start":{"line":53,"column":20},"end":{"line":60,"column":14}}]},"4":{"type":"branch","line":83,"loc":{"start":{"line":83,"column":13},"end":{"line":83,"column":40}},"locations":[{"start":{"line":83,"column":13},"end":{"line":83,"column":40}}]},"5":{"type":"branch","line":83,"loc":{"start":{"line":83,"column":23},"end":{"line":83,"column":82}},"locations":[{"start":{"line":83,"column":23},"end":{"line":83,"column":82}}]},"6":{"type":"branch","line":83,"loc":{"start":{"line":83,"column":49},"end":{"line":83,"column":71}},"locations":[{"start":{"line":83,"column":49},"end":{"line":83,"column":71}}]},"7":{"type":"branch","line":83,"loc":{"start":{"line":83,"column":59},"end":{"line":83,"column":82}},"locations":[{"start":{"line":83,"column":59},"end":{"line":83,"column":82}}]},"8":{"type":"branch","line":88,"loc":{"start":{"line":88,"column":20},"end":{"line":88,"column":57}},"locations":[{"start":{"line":88,"column":20},"end":{"line":88,"column":57}}]},"9":{"type":"branch","line":88,"loc":{"start":{"line":88,"column":30},"end":{"line":88,"column":85}},"locations":[{"start":{"line":88,"column":30},"end":{"line":88,"column":85}}]},"10":{"type":"branch","line":93,"loc":{"start":{"line":93,"column":22},"end":{"line":93,"column":45}},"locations":[{"start":{"line":93,"column":22},"end":{"line":93,"column":45}}]},"11":{"type":"branch","line":93,"loc":{"start":{"line":93,"column":32},"end":{"line":93,"column":55}},"locations":[{"start":{"line":93,"column":32},"end":{"line":93,"column":55}}]},"12":{"type":"branch","line":17,"loc":{"start":{"line":17,"column":17},"end":{"line":38,"column":3}},"locations":[{"start":{"line":17,"column":17},"end":{"line":38,"column":3}}]},"13":{"type":"branch","line":21,"loc":{"start":{"line":21,"column":31},"end":{"line":25,"column":13}},"locations":[{"start":{"line":21,"column":31},"end":{"line":25,"column":13}}]},"14":{"type":"branch","line":26,"loc":{"start":{"line":26,"column":56},"end":{"line":31,"column":7}},"locations":[{"start":{"line":26,"column":56},"end":{"line":31,"column":7}}]},"15":{"type":"branch","line":32,"loc":{"start":{"line":32,"column":4},"end":{"line":35,"column":6}},"locations":[{"start":{"line":32,"column":4},"end":{"line":35,"column":6}}]},"16":{"type":"branch","line":34,"loc":{"start":{"line":34,"column":41},"end":{"line":34,"column":74}},"locations":[{"start":{"line":34,"column":41},"end":{"line":34,"column":74}}]},"17":{"type":"branch","line":35,"loc":{"start":{"line":35,"column":4},"end":{"line":37,"column":5}},"locations":[{"start":{"line":35,"column":4},"end":{"line":37,"column":5}}]},"18":{"type":"branch","line":52,"loc":{"start":{"line":52,"column":24},"end":{"line":52,"column":51}},"locations":[{"start":{"line":52,"column":24},"end":{"line":52,"column":51}}]},"19":{"type":"branch","line":67,"loc":{"start":{"line":67,"column":22},"end":{"line":67,"column":58}},"locations":[{"start":{"line":67,"column":22},"end":{"line":67,"column":58}}]},"20":{"type":"branch","line":75,"loc":{"start":{"line":75,"column":22},"end":{"line":75,"column":61}},"locations":[{"start":{"line":75,"column":22},"end":{"line":75,"column":61}}]},"21":{"type":"branch","line":90,"loc":{"start":{"line":90,"column":21},"end":{"line":90,"column":80}},"locations":[{"start":{"line":90,"column":21},"end":{"line":90,"column":80}}]},"22":{"type":"branch","line":90,"loc":{"start":{"line":90,"column":56},"end":{"line":90,"column":76}},"locations":[{"start":{"line":90,"column":56},"end":{"line":90,"column":76}}]}},"b":{"0":[18],"1":[17],"2":[1],"3":[1],"4":[4],"5":[14],"6":[13],"7":[1],"8":[17],"9":[1],"10":[17],"11":[1],"12":[3],"13":[0],"14":[1],"15":[1],"16":[0],"17":[2],"18":[3],"19":[3],"20":[3],"21":[1],"22":[0]},"fnMap":{"0":{"name":"LoginPage","decl":{"start":{"line":8,"column":7},"end":{"line":99,"column":1}},"loc":{"start":{"line":8,"column":7},"end":{"line":99,"column":1}},"line":8},"1":{"name":"submit","decl":{"start":{"line":17,"column":17},"end":{"line":38,"column":3}},"loc":{"start":{"line":17,"column":17},"end":{"line":38,"column":3}},"line":17},"2":{"name":"onSubmit","decl":{"start":{"line":52,"column":24},"end":{"line":52,"column":51}},"loc":{"start":{"line":52,"column":24},"end":{"line":52,"column":51}},"line":52},"3":{"name":"onChange","decl":{"start":{"line":58,"column":24},"end":{"line":58,"column":59}},"loc":{"start":{"line":58,"column":24},"end":{"line":58,"column":59}},"line":58},"4":{"name":"onChange","decl":{"start":{"line":67,"column":22},"end":{"line":67,"column":58}},"loc":{"start":{"line":67,"column":22},"end":{"line":67,"column":58}},"line":67},"5":{"name":"onChange","decl":{"start":{"line":75,"column":22},"end":{"line":75,"column":61}},"loc":{"start":{"line":75,"column":22},"end":{"line":75,"column":61}},"line":75},"6":{"name":"onClick","decl":{"start":{"line":90,"column":21},"end":{"line":90,"column":80}},"loc":{"start":{"line":90,"column":21},"end":{"line":90,"column":80}},"line":90}},"f":{"0":18,"1":3,"2":3,"3":0,"4":3,"5":3,"6":1}}
,"D:\\WorkSpace\\Claude_Code\\enterprise-pdf-qa\\frontend\\src\\store\\authStore.ts": {"path":"D:\\WorkSpace\\Claude_Code\\enterprise-pdf-qa\\frontend\\src\\store\\authStore.ts","all":false,"statementMap":{"0":{"start":{"line":1,"column":0},"end":{"line":1,"column":32}},"11":{"start":{"line":12,"column":0},"end":{"line":12,"column":48}},"12":{"start":{"line":13,"column":0},"end":{"line":13,"column":10}},"13":{"start":{"line":14,"column":0},"end":{"line":14,"column":15}},"14":{"start":{"line":15,"column":0},"end":{"line":15,"column":18}},"15":{"start":{"line":16,"column":0},"end":{"line":16,"column":17}},"16":{"start":{"line":17,"column":0},"end":{"line":17,"column":28}},"17":{"start":{"line":18,"column":0},"end":{"line":18,"column":51}},"18":{"start":{"line":19,"column":0},"end":{"line":19,"column":22}},"19":{"start":{"line":20,"column":0},"end":{"line":20,"column":8}},"20":{"start":{"line":21,"column":0},"end":{"line":21,"column":39}},"21":{"start":{"line":22,"column":0},"end":{"line":22,"column":21}},"22":{"start":{"line":23,"column":0},"end":{"line":23,"column":47}},"23":{"start":{"line":24,"column":0},"end":{"line":24,"column":40}},"24":{"start":{"line":25,"column":0},"end":{"line":25,"column":8}},"25":{"start":{"line":26,"column":0},"end":{"line":26,"column":7}},"26":{"start":{"line":27,"column":0},"end":{"line":27,"column":28}},"27":{"start":{"line":28,"column":0},"end":{"line":28,"column":3}},"28":{"start":{"line":29,"column":0},"end":{"line":29,"column":1}}},"s":{"0":1,"11":1,"12":1,"13":1,"14":1,"15":1,"16":1,"17":1,"18":1,"19":1,"20":1,"21":1,"22":0,"23":0,"24":0,"25":1,"26":1,"27":1,"28":1},"branchMap":{"0":{"type":"branch","line":14,"loc":{"start":{"line":14,"column":4},"end":{"line":26,"column":7}},"locations":[{"start":{"line":14,"column":4},"end":{"line":26,"column":7}}]},"1":{"type":"branch","line":17,"loc":{"start":{"line":17,"column":16},"end":{"line":20,"column":8}},"locations":[{"start":{"line":17,"column":16},"end":{"line":20,"column":8}}]},"2":{"type":"branch","line":21,"loc":{"start":{"line":21,"column":15},"end":{"line":21,"column":39}},"locations":[{"start":{"line":21,"column":15},"end":{"line":21,"column":39}}]}},"b":{"0":[1],"1":[1],"2":[1]},"fnMap":{"0":{"name":"__vite_ssr_import_0__.create.__vite_ssr_import_1__.persist.name","decl":{"start":{"line":14,"column":4},"end":{"line":26,"column":7}},"loc":{"start":{"line":14,"column":4},"end":{"line":26,"column":7}},"line":14},"1":{"name":"setToken","decl":{"start":{"line":17,"column":16},"end":{"line":20,"column":8}},"loc":{"start":{"line":17,"column":16},"end":{"line":20,"column":8}},"line":17},"2":{"name":"setUser","decl":{"start":{"line":21,"column":15},"end":{"line":21,"column":39}},"loc":{"start":{"line":21,"column":15},"end":{"line":21,"column":39}},"line":21},"3":{"name":"logout","decl":{"start":{"line":22,"column":14},"end":{"line":25,"column":8}},"loc":{"start":{"line":22,"column":14},"end":{"line":25,"column":8}},"line":22}},"f":{"0":1,"1":1,"2":1,"3":0}}
}
